TN:
SF:components/AuthGuard.tsx
FN:75,useAuthPageTracking
FN:82,(anonymous_1)
FN:89,(anonymous_2)
FN:101,(anonymous_3)
FN:105,(anonymous_4)
FN:115,useRouteState
FN:118,(anonymous_6)
FN:152,useSecureNavigation
FN:154,(anonymous_8)
FN:159,(anonymous_9)
FN:197,AuthGuard
FN:232,(anonymous_11)
FN:251,(anonymous_12)
FN:252,(anonymous_13)
FN:261,(anonymous_14)
FN:268,(anonymous_15)
FN:269,(anonymous_16)
FN:279,(anonymous_17)
FN:292,(anonymous_18)
FN:313,(anonymous_19)
FN:328,(anonymous_20)
FN:341,(anonymous_21)
FN:351,(anonymous_22)
FN:356,(anonymous_23)
FN:361,(anonymous_24)
FN:370,(anonymous_25)
FN:379,(anonymous_26)
FNF:27
FNH:0
FNDA:0,useAuthPageTracking
FNDA:0,(anonymous_1)
FNDA:0,(anonymous_2)
FNDA:0,(anonymous_3)
FNDA:0,(anonymous_4)
FNDA:0,useRouteState
FNDA:0,(anonymous_6)
FNDA:0,useSecureNavigation
FNDA:0,(anonymous_8)
FNDA:0,(anonymous_9)
FNDA:0,AuthGuard
FNDA:0,(anonymous_11)
FNDA:0,(anonymous_12)
FNDA:0,(anonymous_13)
FNDA:0,(anonymous_14)
FNDA:0,(anonymous_15)
FNDA:0,(anonymous_16)
FNDA:0,(anonymous_17)
FNDA:0,(anonymous_18)
FNDA:0,(anonymous_19)
FNDA:0,(anonymous_20)
FNDA:0,(anonymous_21)
FNDA:0,(anonymous_22)
FNDA:0,(anonymous_23)
FNDA:0,(anonymous_24)
FNDA:0,(anonymous_25)
FNDA:0,(anonymous_26)
DA:13,0
DA:14,0
DA:16,0
DA:24,0
DA:29,0
DA:79,0
DA:80,0
DA:82,0
DA:83,0
DA:84,0
DA:85,0
DA:89,0
DA:90,0
DA:91,0
DA:92,0
DA:95,0
DA:96,0
DA:98,0
DA:99,0
DA:101,0
DA:102,0
DA:105,0
DA:109,0
DA:118,0
DA:119,0
DA:120,0
DA:122,0
DA:123,0
DA:125,0
DA:126,0
DA:130,0
DA:133,0
DA:137,0
DA:153,0
DA:155,0
DA:156,0
DA:158,0
DA:159,0
DA:160,0
DA:163,0
DA:166,0
DA:167,0
DA:170,0
DA:171,0
DA:178,0
DA:202,0
DA:203,0
DA:204,0
DA:205,0
DA:206,0
DA:208,0
DA:215,0
DA:217,0
DA:218,0
DA:219,0
DA:229,0
DA:232,0
DA:233,0
DA:251,0
DA:252,0
DA:253,0
DA:254,0
DA:255,0
DA:257,0
DA:261,0
DA:268,0
DA:269,0
DA:279,0
DA:281,0
DA:282,0
DA:283,0
DA:286,0
DA:291,0
DA:292,0
DA:293,0
DA:295,0
DA:313,0
DA:315,0
DA:316,0
DA:317,0
DA:318,0
DA:322,0
DA:323,0
DA:324,0
DA:328,0
DA:329,0
DA:334,0
DA:335,0
DA:336,0
DA:337,0
DA:341,0
DA:342,0
DA:344,0
DA:349,0
DA:351,0
DA:352,0
DA:353,0
DA:354,0
DA:356,0
DA:357,0
DA:361,0
DA:365,0
DA:366,0
DA:367,0
DA:368,0
DA:370,0
DA:371,0
DA:373,0
DA:378,0
DA:379,0
DA:404,0
DA:405,0
DA:406,0
DA:408,0
DA:421,0
DA:422,0
DA:438,0
DA:439,0
DA:451,0
DA:458,0
LF:120
LH:0
BRDA:77,0,0,0
BRDA:83,1,0,0
BRDA:83,1,1,0
BRDA:90,2,0,0
BRDA:90,2,1,0
BRDA:98,3,0,0
BRDA:98,3,1,0
BRDA:125,4,0,0
BRDA:125,4,1,0
BRDA:125,4,2,0
BRDA:130,5,0,0
BRDA:130,5,1,0
BRDA:156,6,0,0
BRDA:156,6,1,0
BRDA:158,7,0,0
BRDA:158,7,1,0
BRDA:166,8,0,0
BRDA:166,8,1,0
BRDA:170,9,0,0
BRDA:170,9,1,0
BRDA:206,10,0,0
BRDA:206,10,1,0
BRDA:234,11,0,0
BRDA:234,11,1,0
BRDA:234,11,2,0
BRDA:234,11,3,0
BRDA:234,11,4,0
BRDA:253,12,0,0
BRDA:253,12,1,0
BRDA:254,13,0,0
BRDA:254,13,1,0
BRDA:281,14,0,0
BRDA:281,14,1,0
BRDA:281,15,0,0
BRDA:281,15,1,0
BRDA:282,16,0,0
BRDA:282,16,1,0
BRDA:282,17,0,0
BRDA:282,17,1,0
BRDA:283,18,0,0
BRDA:283,18,1,0
BRDA:286,19,0,0
BRDA:286,19,1,0
BRDA:287,20,0,0
BRDA:287,20,1,0
BRDA:287,20,2,0
BRDA:291,21,0,0
BRDA:291,21,1,0
BRDA:315,22,0,0
BRDA:315,22,1,0
BRDA:315,23,0,0
BRDA:315,23,1,0
BRDA:316,24,0,0
BRDA:316,24,1,0
BRDA:316,25,0,0
BRDA:316,25,1,0
BRDA:317,26,0,0
BRDA:317,26,1,0
BRDA:318,27,0,0
BRDA:318,27,1,0
BRDA:322,28,0,0
BRDA:322,28,1,0
BRDA:322,29,0,0
BRDA:322,29,1,0
BRDA:323,30,0,0
BRDA:323,30,1,0
BRDA:334,31,0,0
BRDA:334,31,1,0
BRDA:334,32,0,0
BRDA:334,32,1,0
BRDA:335,33,0,0
BRDA:335,33,1,0
BRDA:336,34,0,0
BRDA:336,34,1,0
BRDA:349,35,0,0
BRDA:349,35,1,0
BRDA:349,36,0,0
BRDA:349,36,1,0
BRDA:349,36,2,0
BRDA:352,37,0,0
BRDA:352,37,1,0
BRDA:353,38,0,0
BRDA:353,38,1,0
BRDA:365,39,0,0
BRDA:365,39,1,0
BRDA:365,40,0,0
BRDA:365,40,1,0
BRDA:366,41,0,0
BRDA:366,41,1,0
BRDA:367,42,0,0
BRDA:367,42,1,0
BRDA:378,43,0,0
BRDA:378,43,1,0
BRDA:404,44,0,0
BRDA:404,44,1,0
BRDA:404,45,0,0
BRDA:404,45,1,0
BRDA:405,46,0,0
BRDA:405,46,1,0
BRDA:421,47,0,0
BRDA:421,47,1,0
BRDA:438,48,0,0
BRDA:438,48,1,0
BRDA:438,49,0,0
BRDA:438,49,1,0
BRDA:438,49,2,0
BRF:106
BRH:0
end_of_record
TN:
SF:components/ErrorBoundary.tsx
FN:22,(anonymous_0)
FN:31,(anonymous_1)
FN:35,(anonymous_2)
FN:51,(anonymous_3)
FN:59,(anonymous_4)
FNF:5
FNH:0
FNDA:0,(anonymous_0)
FNDA:0,(anonymous_1)
FNDA:0,(anonymous_2)
FNDA:0,(anonymous_3)
FNDA:0,(anonymous_4)
DA:23,0
DA:24,0
DA:32,0
DA:37,0
DA:38,0
DA:39,0
DA:42,0
DA:51,0
DA:52,0
DA:60,0
DA:61,0
DA:102,0
DA:106,0
LF:13
LH:0
BRDA:37,0,0,0
BRDA:37,0,1,0
BRDA:60,1,0,0
BRDA:60,1,1,0
BRDA:70,2,0,0
BRDA:70,2,1,0
BRDA:70,2,2,0
BRDA:76,3,0,0
BRDA:76,3,1,0
BRDA:91,4,0,0
BRDA:91,4,1,0
BRF:11
BRH:0
end_of_record
TN:
SF:components/VehicleDetail.tsx
FN:24,(anonymous_0)
FN:35,(anonymous_1)
FN:364,(anonymous_2)
FN:444,(anonymous_3)
FN:453,(anonymous_4)
FN:503,(anonymous_5)
FN:504,(anonymous_6)
FN:519,(anonymous_7)
FN:539,(anonymous_8)
FN:540,(anonymous_9)
FN:555,(anonymous_10)
FN:587,(anonymous_11)
FN:588,(anonymous_12)
FN:603,(anonymous_13)
FN:635,(anonymous_14)
FN:636,(anonymous_15)
FN:651,(anonymous_16)
FN:685,(anonymous_17)
FN:693,(anonymous_18)
FNF:19
FNH:0
FNDA:0,(anonymous_0)
FNDA:0,(anonymous_1)
FNDA:0,(anonymous_2)
FNDA:0,(anonymous_3)
FNDA:0,(anonymous_4)
FNDA:0,(anonymous_5)
FNDA:0,(anonymous_6)
FNDA:0,(anonymous_7)
FNDA:0,(anonymous_8)
FNDA:0,(anonymous_9)
FNDA:0,(anonymous_10)
FNDA:0,(anonymous_11)
FNDA:0,(anonymous_12)
FNDA:0,(anonymous_13)
FNDA:0,(anonymous_14)
FNDA:0,(anonymous_15)
FNDA:0,(anonymous_16)
FNDA:0,(anonymous_17)
FNDA:0,(anonymous_18)
DA:24,0
DA:28,0
DA:29,0
DA:30,0
DA:31,0
DA:32,0
DA:33,0
DA:35,0
DA:36,0
DA:37,0
DA:38,0
DA:42,0
DA:339,0
DA:364,0
DA:444,0
DA:454,0
DA:503,0
DA:504,0
DA:521,0
DA:524,0
DA:539,0
DA:540,0
DA:556,0
DA:560,0
DA:565,0
DA:587,0
DA:588,0
DA:604,0
DA:608,0
DA:613,0
DA:635,0
DA:636,0
DA:652,0
DA:656,0
DA:661,0
DA:685,0
DA:693,0
LF:37
LH:0
BRDA:32,0,0,0
BRDA:32,0,1,0
BRDA:37,1,0,0
BRDA:37,1,1,0
BRDA:44,2,0,0
BRDA:44,2,1,0
BRDA:45,3,0,0
BRDA:45,3,1,0
BRDA:50,4,0,0
BRDA:50,4,1,0
BRDA:51,5,0,0
BRDA:51,5,1,0
BRDA:55,6,0,0
BRDA:55,6,1,0
BRDA:56,7,0,0
BRDA:56,7,1,0
BRDA:59,8,0,0
BRDA:59,8,1,0
BRDA:60,9,0,0
BRDA:60,9,1,0
BRDA:65,10,0,0
BRDA:65,10,1,0
BRDA:69,11,0,0
BRDA:69,11,1,0
BRDA:79,12,0,0
BRDA:79,12,1,0
BRDA:80,13,0,0
BRDA:80,13,1,0
BRDA:81,14,0,0
BRDA:81,14,1,0
BRDA:82,15,0,0
BRDA:82,15,1,0
BRDA:86,16,0,0
BRDA:86,16,1,0
BRDA:97,17,0,0
BRDA:97,17,1,0
BRDA:115,18,0,0
BRDA:115,18,1,0
BRDA:122,19,0,0
BRDA:122,19,1,0
BRDA:140,20,0,0
BRDA:140,20,1,0
BRDA:146,21,0,0
BRDA:146,21,1,0
BRDA:147,22,0,0
BRDA:147,22,1,0
BRDA:154,23,0,0
BRDA:154,23,1,0
BRDA:246,24,0,0
BRDA:246,24,1,0
BRDA:249,25,0,0
BRDA:249,25,1,0
BRDA:256,26,0,0
BRDA:256,26,1,0
BRDA:257,27,0,0
BRDA:257,27,1,0
BRDA:259,28,0,0
BRDA:259,28,1,0
BRDA:283,29,0,0
BRDA:283,29,1,0
BRDA:288,30,0,0
BRDA:288,30,1,0
BRDA:289,31,0,0
BRDA:289,31,1,0
BRDA:297,32,0,0
BRDA:297,32,1,0
BRDA:307,33,0,0
BRDA:307,33,1,0
BRDA:348,34,0,0
BRDA:348,34,1,0
BRDA:353,35,0,0
BRDA:353,35,1,0
BRDA:357,36,0,0
BRDA:357,36,1,0
BRDA:357,37,0,0
BRDA:357,37,1,0
BRDA:369,38,0,0
BRDA:369,38,1,0
BRDA:370,39,0,0
BRDA:370,39,1,0
BRDA:380,40,0,0
BRDA:380,40,1,0
BRDA:380,40,2,0
BRDA:383,41,0,0
BRDA:383,41,1,0
BRDA:391,42,0,0
BRDA:391,42,1,0
BRDA:400,43,0,0
BRDA:400,43,1,0
BRDA:411,44,0,0
BRDA:411,44,1,0
BRDA:422,45,0,0
BRDA:422,45,1,0
BRDA:430,46,0,0
BRDA:430,46,1,0
BRDA:436,47,0,0
BRDA:436,47,1,0
BRDA:438,48,0,0
BRDA:438,48,1,0
BRDA:451,49,0,0
BRDA:451,49,1,0
BRDA:451,50,0,0
BRDA:451,50,1,0
BRDA:458,51,0,0
BRDA:458,51,1,0
BRDA:499,52,0,0
BRDA:499,52,1,0
BRDA:501,53,0,0
BRDA:501,53,1,0
BRDA:521,54,0,0
BRDA:521,54,1,0
BRDA:521,55,0,0
BRDA:521,55,1,0
BRDA:524,56,0,0
BRDA:524,56,1,0
BRDA:535,57,0,0
BRDA:535,57,1,0
BRDA:537,58,0,0
BRDA:537,58,1,0
BRDA:556,59,0,0
BRDA:556,59,1,0
BRDA:560,60,0,0
BRDA:560,60,1,0
BRDA:565,61,0,0
BRDA:565,61,1,0
BRDA:571,62,0,0
BRDA:571,62,1,0
BRDA:583,63,0,0
BRDA:583,63,1,0
BRDA:585,64,0,0
BRDA:585,64,1,0
BRDA:604,65,0,0
BRDA:604,65,1,0
BRDA:608,66,0,0
BRDA:608,66,1,0
BRDA:613,67,0,0
BRDA:613,67,1,0
BRDA:619,68,0,0
BRDA:619,68,1,0
BRDA:631,69,0,0
BRDA:631,69,1,0
BRDA:633,70,0,0
BRDA:633,70,1,0
BRDA:652,71,0,0
BRDA:652,71,1,0
BRDA:656,72,0,0
BRDA:656,72,1,0
BRDA:661,73,0,0
BRDA:661,73,1,0
BRDA:667,74,0,0
BRDA:667,74,1,0
BRDA:700,75,0,0
BRDA:700,75,1,0
BRF:153
BRH:0
end_of_record
TN:
SF:components/VehicleGroupSelector.tsx
FN:22,(anonymous_0)
FN:29,(anonymous_1)
FN:35,(anonymous_2)
FN:39,(anonymous_3)
FN:53,(anonymous_4)
FN:54,(anonymous_5)
FN:56,(anonymous_6)
FN:61,(anonymous_7)
FN:158,(anonymous_8)
FN:164,(anonymous_9)
FNF:10
FNH:0
FNDA:0,(anonymous_0)
FNDA:0,(anonymous_1)
FNDA:0,(anonymous_2)
FNDA:0,(anonymous_3)
FNDA:0,(anonymous_4)
FNDA:0,(anonymous_5)
FNDA:0,(anonymous_6)
FNDA:0,(anonymous_7)
FNDA:0,(anonymous_8)
FNDA:0,(anonymous_9)
DA:22,0
DA:27,0
DA:28,0
DA:29,0
DA:31,0
DA:32,0
DA:33,0
DA:35,0
DA:36,0
DA:39,0
DA:40,0
DA:41,0
DA:42,0
DA:43,0
DA:44,0
DA:46,0
DA:49,0
DA:53,0
DA:54,0
DA:55,0
DA:56,0
DA:61,0
DA:62,0
DA:63,0
DA:64,0
DA:69,0
DA:70,0
DA:71,0
DA:73,0
DA:74,0
DA:77,0
DA:78,0
DA:80,0
DA:83,0
DA:148,0
DA:159,0
DA:160,0
DA:164,0
LF:38
LH:0
BRDA:33,0,0,0
BRDA:33,0,1,0
BRDA:42,1,0,0
BRDA:42,1,1,0
BRDA:42,2,0,0
BRDA:42,2,1,0
BRDA:55,3,0,0
BRDA:55,3,1,0
BRDA:69,4,0,0
BRDA:69,4,1,0
BRDA:152,5,0,0
BRDA:152,5,1,0
BRDA:163,6,0,0
BRDA:163,6,1,0
BRDA:167,7,0,0
BRDA:167,7,1,0
BRDA:169,8,0,0
BRDA:169,8,1,0
BRDA:184,9,0,0
BRDA:184,9,1,0
BRF:20
BRH:0
end_of_record
TN:
SF:components/external-link.tsx
FN:12,ExternalLink
FN:18,(anonymous_1)
FNF:2
FNH:0
FNDA:0,ExternalLink
FNDA:0,(anonymous_1)
DA:13,0
DA:19,0
DA:21,0
DA:23,0
LF:4
LH:0
BRDA:19,0,0,0
BRDA:19,0,1,0
BRF:2
BRH:0
end_of_record
TN:
SF:components/haptic-tab.tsx
FN:5,HapticTab
FN:9,(anonymous_1)
FNF:2
FNH:0
FNDA:0,HapticTab
FNDA:0,(anonymous_1)
DA:6,0
DA:10,0
DA:12,0
DA:14,0
LF:4
LH:0
BRDA:10,0,0,0
BRDA:10,0,1,0
BRF:2
BRH:0
end_of_record
TN:
SF:components/hello-wave.tsx
FN:10,HelloWave
FN:13,(anonymous_1)
FN:25,(anonymous_2)
FNF:3
FNH:0
FNDA:0,HelloWave
FNDA:0,(anonymous_1)
FNDA:0,(anonymous_2)
DA:11,0
DA:13,0
DA:14,0
DA:25,0
DA:29,0
LF:5
LH:0
BRF:0
BRH:0
end_of_record
TN:
SF:components/parallax-scroll-view.tsx
FN:18,ParallaxScrollView
FN:27,(anonymous_1)
FN:68,(anonymous_2)
FNF:3
FNH:0
FNDA:0,ParallaxScrollView
FNDA:0,(anonymous_1)
FNDA:0,(anonymous_2)
DA:11,0
DA:23,0
DA:24,0
DA:25,0
DA:26,0
DA:27,0
DA:28,0
DA:48,0
DA:68,0
LF:9
LH:0
BRDA:23,0,0,0
BRDA:23,0,1,0
BRF:2
BRH:0
end_of_record
TN:
SF:components/themed-text.tsx
FN:10,ThemedText
FN:31,(anonymous_1)
FNF:2
FNH:0
FNDA:0,ThemedText
FNDA:0,(anonymous_1)
DA:17,0
DA:18,0
DA:19,0
DA:22,0
DA:28,0
DA:31,0
LF:6
LH:0
BRDA:14,0,0,0
BRDA:22,1,0,0
BRDA:22,1,1,0
BRDA:23,2,0,0
BRDA:23,2,1,0
BRDA:24,3,0,0
BRDA:24,3,1,0
BRDA:25,4,0,0
BRDA:25,4,1,0
BRDA:26,5,0,0
BRDA:26,5,1,0
BRF:11
BRH:0
end_of_record
TN:
SF:components/themed-view.tsx
FN:9,(anonymous_0)
FN:11,ThemedView
FNF:2
FNH:0
FNDA:0,(anonymous_0)
FNDA:0,ThemedView
DA:9,0
DA:17,0
DA:18,0
DA:20,0
DA:24,0
LF:5
LH:0
BRDA:20,0,0,0
BRDA:20,0,1,0
BRDA:21,1,0,0
BRDA:21,1,1,0
BRDA:22,2,0,0
BRDA:22,2,1,0
BRF:6
BRH:0
end_of_record
TN:
SF:components/analytics/AnalyticsHeader.tsx
FN:5,AnalyticsHeader
FN:15,(anonymous_1)
FNF:2
FNH:0
FNDA:0,AnalyticsHeader
FNDA:0,(anonymous_1)
DA:6,0
DA:8,0
DA:15,0
LF:3
LH:0
BRF:0
BRH:0
end_of_record
TN:
SF:components/analytics/AnalyticsTabBar.tsx
FN:13,AnalyticsTabBar
FN:18,(anonymous_1)
FN:36,(anonymous_2)
FN:42,(anonymous_3)
FN:56,(anonymous_4)
FNF:5
FNH:0
FNDA:0,AnalyticsTabBar
FNDA:0,(anonymous_1)
FNDA:0,(anonymous_2)
FNDA:0,(anonymous_3)
FNDA:0,(anonymous_4)
DA:6,0
DA:14,0
DA:15,0
DA:16,0
DA:18,0
DA:19,0
DA:20,0
DA:21,0
DA:22,0
DA:23,0
DA:24,0
DA:27,0
DA:29,0
DA:37,0
DA:38,0
DA:42,0
DA:56,0
LF:17
LH:0
BRDA:19,0,0,0
BRDA:19,0,1,0
BRDA:19,1,0,0
BRDA:19,1,1,0
BRDA:21,2,0,0
BRDA:21,2,1,0
BRDA:22,3,0,0
BRDA:22,3,1,0
BRDA:23,4,0,0
BRDA:23,4,1,0
BRDA:41,5,0,0
BRDA:41,5,1,0
BRDA:44,6,0,0
BRDA:44,6,1,0
BRDA:47,7,0,0
BRDA:47,7,1,0
BRF:16
BRH:0
end_of_record
TN:
SF:components/analytics/CostBreakdownCard.tsx
FN:11,CostBreakdownCard
FN:70,(anonymous_1)
FNF:2
FNH:0
FNDA:0,CostBreakdownCard
FNDA:0,(anonymous_1)
DA:16,0
DA:18,0
DA:19,0
DA:20,0
DA:22,0
DA:70,0
LF:6
LH:0
BRDA:18,0,0,0
BRDA:18,0,1,0
BRDA:85,1,0,0
BRDA:85,1,1,0
BRF:4
BRH:0
end_of_record
TN:
SF:components/analytics/DateRangePicker.tsx
FN:21,DateRangePicker
FN:33,(anonymous_1)
FN:57,(anonymous_2)
FN:94,(anonymous_3)
FN:114,(anonymous_4)
FN:173,(anonymous_5)
FNF:6
FNH:0
FNDA:0,DateRangePicker
FNDA:0,(anonymous_1)
FNDA:0,(anonymous_2)
FNDA:0,(anonymous_3)
FNDA:0,(anonymous_4)
FNDA:0,(anonymous_5)
DA:28,0
DA:29,0
DA:30,0
DA:31,0
DA:33,0
DA:35,0
DA:36,0
DA:37,0
DA:41,0
DA:42,0
DA:43,0
DA:44,0
DA:47,0
DA:48,0
DA:49,0
DA:52,0
DA:53,0
DA:54,0
DA:57,0
DA:58,0
DA:59,0
DA:60,0
DA:61,0
DA:64,0
DA:95,0
DA:96,0
DA:97,0
DA:115,0
DA:116,0
DA:117,0
DA:173,0
LF:31
LH:0
BRDA:25,0,0,0
BRDA:26,1,0,0
BRDA:35,2,0,0
BRDA:35,2,1,0
BRDA:42,3,0,0
BRDA:42,3,1,0
BRDA:47,4,0,0
BRDA:47,4,1,0
BRDA:95,5,0,0
BRDA:95,5,1,0
BRDA:115,6,0,0
BRDA:115,6,1,0
BRDA:129,7,0,0
BRDA:129,7,1,0
BRF:14
BRH:0
end_of_record
TN:
SF:components/analytics/EmptyAnalytics.tsx
FN:12,EmptyAnalytics
FN:28,(anonymous_1)
FNF:2
FNH:0
FNDA:0,EmptyAnalytics
FNDA:0,(anonymous_1)
DA:17,0
DA:19,0
DA:28,0
LF:3
LH:0
BRDA:13,0,0,0
BRDA:14,1,0,0
BRDA:15,2,0,0
BRF:3
BRH:0
end_of_record
TN:
SF:components/analytics/LazyChartComponents.tsx
FN:12,(anonymous_0)
FN:13,(anonymous_1)
FN:18,(anonymous_2)
FN:19,(anonymous_3)
FN:24,(anonymous_4)
FN:25,(anonymous_5)
FN:30,(anonymous_6)
FN:31,(anonymous_7)
FN:36,(anonymous_8)
FN:37,(anonymous_9)
FN:42,(anonymous_10)
FN:43,(anonymous_11)
FN:49,ChartLoadingFallback
FN:78,withChartSuspense
FN:82,ChartWithSuspense
FNF:15
FNH:0
FNDA:0,(anonymous_0)
FNDA:0,(anonymous_1)
FNDA:0,(anonymous_2)
FNDA:0,(anonymous_3)
FNDA:0,(anonymous_4)
FNDA:0,(anonymous_5)
FNDA:0,(anonymous_6)
FNDA:0,(anonymous_7)
FNDA:0,(anonymous_8)
FNDA:0,(anonymous_9)
FNDA:0,(anonymous_10)
FNDA:0,(anonymous_11)
FNDA:0,ChartLoadingFallback
FNDA:0,withChartSuspense
FNDA:0,ChartWithSuspense
DA:12,0
DA:13,0
DA:18,0
DA:19,0
DA:24,0
DA:25,0
DA:30,0
DA:31,0
DA:36,0
DA:37,0
DA:42,0
DA:43,0
DA:50,0
DA:52,0
DA:82,0
DA:83,0
DA:92,0
DA:93,0
DA:94,0
DA:95,0
DA:96,0
DA:97,0
LF:22
LH:0
BRDA:49,0,0,0
BRF:1
BRH:0
end_of_record
TN:
SF:components/analytics/LazyTrendLineChart.tsx
FN:19,LazyTrendLineChart
FN:23,(anonymous_1)
FN:26,(anonymous_2)
FN:27,(anonymous_3)
FNF:4
FNH:0
FNDA:0,LazyTrendLineChart
FNDA:0,(anonymous_1)
FNDA:0,(anonymous_2)
FNDA:0,(anonymous_3)
DA:20,0
DA:21,0
DA:23,0
DA:25,0
DA:26,0
DA:27,0
DA:33,0
DA:34,0
DA:60,0
DA:61,0
DA:65,0
LF:11
LH:0
BRDA:25,0,0,0
BRDA:25,0,1,0
BRDA:33,1,0,0
BRDA:33,1,1,0
BRDA:33,2,0,0
BRDA:33,2,1,0
BRDA:37,3,0,0
BRDA:37,3,1,0
BRDA:60,4,0,0
BRDA:60,4,1,0
BRDA:68,5,0,0
BRDA:68,5,1,0
BRF:12
BRH:0
end_of_record
TN:
SF:components/analytics/MetricCard.tsx
FN:20,(anonymous_0)
FN:50,MetricCard
FN:110,(anonymous_2)
FNF:3
FNH:0
FNDA:0,(anonymous_0)
FNDA:0,MetricCard
FNDA:0,(anonymous_2)
DA:20,0
DA:21,0
DA:23,0
DA:28,0
DA:33,0
DA:38,0
DA:43,0
DA:58,0
DA:59,0
DA:60,0
DA:62,0
DA:64,0
DA:110,0
LF:13
LH:0
BRDA:21,0,0,0
BRDA:21,0,1,0
BRDA:21,0,2,0
BRDA:21,0,3,0
BRDA:21,0,4,0
BRDA:24,1,0,0
BRDA:24,1,1,0
BRDA:25,2,0,0
BRDA:25,2,1,0
BRDA:29,3,0,0
BRDA:29,3,1,0
BRDA:30,4,0,0
BRDA:30,4,1,0
BRDA:34,5,0,0
BRDA:34,5,1,0
BRDA:35,6,0,0
BRDA:35,6,1,0
BRDA:39,7,0,0
BRDA:39,7,1,0
BRDA:40,8,0,0
BRDA:40,8,1,0
BRDA:44,9,0,0
BRDA:44,9,1,0
BRDA:45,10,0,0
BRDA:45,10,1,0
BRDA:62,11,0,0
BRDA:62,11,1,0
BRDA:65,12,0,0
BRDA:65,12,1,0
BRDA:67,13,0,0
BRDA:67,13,1,0
BRDA:72,14,0,0
BRDA:72,14,1,0
BRDA:78,15,0,0
BRDA:78,15,1,0
BRDA:83,16,0,0
BRDA:83,16,1,0
BRDA:89,17,0,0
BRDA:89,17,1,0
BRDA:90,18,0,0
BRDA:90,18,1,0
BRDA:91,19,0,0
BRDA:91,19,1,0
BRDA:99,20,0,0
BRDA:99,20,1,0
BRDA:100,21,0,0
BRDA:100,21,1,0
BRF:47
BRH:0
end_of_record
TN:
SF:components/analytics/PeriodSelector.tsx
FN:17,PeriodSelector
FN:31,(anonymous_1)
FN:36,(anonymous_2)
FN:46,(anonymous_3)
FN:69,(anonymous_4)
FN:75,(anonymous_5)
FN:86,(anonymous_6)
FN:87,(anonymous_7)
FN:92,(anonymous_8)
FN:137,(anonymous_9)
FN:146,(anonymous_10)
FNF:11
FNH:0
FNDA:0,PeriodSelector
FNDA:0,(anonymous_1)
FNDA:0,(anonymous_2)
FNDA:0,(anonymous_3)
FNDA:0,(anonymous_4)
FNDA:0,(anonymous_5)
FNDA:0,(anonymous_6)
FNDA:0,(anonymous_7)
FNDA:0,(anonymous_8)
FNDA:0,(anonymous_9)
FNDA:0,(anonymous_10)
DA:24,0
DA:25,0
DA:26,0
DA:27,0
DA:29,0
DA:31,0
DA:32,0
DA:33,0
DA:36,0
DA:37,0
DA:38,0
DA:42,0
DA:46,0
DA:69,0
DA:75,0
DA:86,0
DA:88,0
DA:89,0
DA:93,0
DA:94,0
DA:137,0
DA:146,0
LF:22
LH:0
BRDA:21,0,0,0
BRDA:29,1,0,0
BRDA:29,1,1,0
BRDA:37,2,0,0
BRDA:37,2,1,0
BRDA:45,3,0,0
BRDA:45,3,1,0
BRDA:54,4,0,0
BRDA:54,4,1,0
BRDA:98,5,0,0
BRDA:98,5,1,0
BRDA:109,6,0,0
BRDA:109,6,1,0
BRF:13
BRH:0
end_of_record
TN:
SF:components/analytics/StatCard.tsx
FN:11,StatCard
FN:33,(anonymous_1)
FNF:2
FNH:0
FNDA:0,StatCard
FNDA:0,(anonymous_1)
DA:12,0
DA:13,0
DA:15,0
DA:33,0
LF:4
LH:0
BRDA:16,0,0,0
BRDA:16,0,1,0
BRDA:20,1,0,0
BRDA:20,1,1,0
BRDA:21,2,0,0
BRDA:21,2,1,0
BRDA:26,3,0,0
BRDA:26,3,1,0
BRF:8
BRH:0
end_of_record
TN:
SF:components/analytics/TrendLineChart.tsx
FN:15,TrendLineChart
FN:37,(anonymous_1)
FN:54,(anonymous_2)
FN:55,(anonymous_3)
FN:66,(anonymous_4)
FN:72,(anonymous_5)
FN:112,(anonymous_6)
FNF:7
FNH:0
FNDA:0,TrendLineChart
FNDA:0,(anonymous_1)
FNDA:0,(anonymous_2)
FNDA:0,(anonymous_3)
FNDA:0,(anonymous_4)
FNDA:0,(anonymous_5)
FNDA:0,(anonymous_6)
DA:22,0
DA:23,0
DA:25,0
DA:26,0
DA:36,0
DA:38,0
DA:39,0
DA:41,0
DA:43,0
DA:44,0
DA:46,0
DA:48,0
DA:49,0
DA:54,0
DA:55,0
DA:61,0
DA:67,0
DA:68,0
DA:73,0
DA:74,0
DA:88,0
DA:112,0
LF:22
LH:0
BRDA:18,0,0,0
BRDA:19,1,0,0
BRDA:25,2,0,0
BRDA:25,2,1,0
BRDA:38,3,0,0
BRDA:38,3,1,0
BRDA:39,4,0,0
BRDA:39,4,1,0
BRDA:43,5,0,0
BRDA:43,5,1,0
BRDA:43,6,0,0
BRDA:43,6,1,0
BRDA:55,7,0,0
BRDA:55,8,0,0
BRDA:55,8,1,0
BRDA:66,9,0,0
BRDA:68,10,0,0
BRDA:68,10,1,0
BRDA:72,11,0,0
BRDA:74,12,0,0
BRDA:74,12,1,0
BRDA:84,13,0,0
BRDA:84,13,1,0
BRF:23
BRH:0
end_of_record
TN:
SF:components/analytics/TrendLineChart.web.tsx
FN:24,TrendLineChart
FN:78,(anonymous_1)
FN:96,(anonymous_2)
FN:129,(anonymous_3)
FNF:4
FNH:0
FNDA:0,TrendLineChart
FNDA:0,(anonymous_1)
FNDA:0,(anonymous_2)
FNDA:0,(anonymous_3)
DA:31,0
DA:32,0
DA:34,0
DA:36,0
DA:66,0
DA:67,0
DA:78,0
DA:79,0
DA:80,0
DA:81,0
DA:83,0
DA:84,0
DA:87,0
DA:90,0
DA:96,0
DA:97,0
DA:98,0
DA:100,0
DA:103,0
DA:129,0
LF:20
LH:0
BRDA:27,0,0,0
BRDA:28,1,0,0
BRDA:32,2,0,0
BRDA:32,2,1,0
BRDA:34,3,0,0
BRDA:34,3,1,0
BRDA:34,3,2,0
BRDA:66,4,0,0
BRDA:66,4,1,0
BRDA:79,5,0,0
BRDA:79,5,1,0
BRDA:80,6,0,0
BRDA:80,6,1,0
BRDA:80,7,0,0
BRDA:80,7,1,0
BRDA:83,8,0,0
BRDA:83,8,1,0
BRDA:83,9,0,0
BRDA:83,9,1,0
BRDA:97,10,0,0
BRDA:97,10,1,0
BRDA:111,11,0,0
BRDA:111,11,1,0
BRDA:133,12,0,0
BRDA:133,12,1,0
BRF:25
BRH:0
end_of_record
TN:
SF:components/analytics/UpcomingServiceCard.tsx
FN:11,UpcomingServiceCard
FN:14,(anonymous_1)
FN:17,(anonymous_2)
FN:21,(anonymous_3)
FN:31,(anonymous_4)
FN:41,(anonymous_5)
FN:82,(anonymous_6)
FNF:7
FNH:0
FNDA:0,UpcomingServiceCard
FNDA:0,(anonymous_1)
FNDA:0,(anonymous_2)
FNDA:0,(anonymous_3)
FNDA:0,(anonymous_4)
FNDA:0,(anonymous_5)
FNDA:0,(anonymous_6)
DA:12,0
DA:14,0
DA:15,0
DA:17,0
DA:21,0
DA:22,0
DA:24,0
DA:25,0
DA:26,0
DA:28,0
DA:31,0
DA:32,0
DA:34,0
DA:37,0
DA:38,0
DA:40,0
DA:41,0
DA:44,0
DA:45,0
DA:49,0
DA:51,0
DA:82,0
LF:22
LH:0
BRDA:22,0,0,0
BRDA:22,0,1,0
BRDA:32,1,0,0
BRDA:32,1,1,0
BRDA:37,2,0,0
BRDA:37,2,1,0
BRDA:38,3,0,0
BRDA:38,3,1,0
BRDA:38,4,0,0
BRDA:38,4,1,0
BRDA:66,5,0,0
BRDA:66,5,1,0
BRDA:69,6,0,0
BRDA:69,6,1,0
BRDA:105,7,0,0
BRDA:105,7,1,0
BRF:16
BRH:0
end_of_record
TN:
SF:components/analytics/VehicleFilter.tsx
FN:16,VehicleFilter
FN:28,(anonymous_1)
FN:73,(anonymous_2)
FN:83,(anonymous_3)
FN:102,(anonymous_4)
FNF:5
FNH:0
FNDA:0,VehicleFilter
FNDA:0,(anonymous_1)
FNDA:0,(anonymous_2)
FNDA:0,(anonymous_3)
FNDA:0,(anonymous_4)
DA:23,0
DA:24,0
DA:26,0
DA:28,0
DA:29,0
DA:32,0
DA:34,0
DA:74,0
DA:75,0
DA:83,0
DA:102,0
LF:11
LH:0
BRDA:29,0,0,0
BRDA:29,0,1,0
BRDA:32,1,0,0
BRDA:32,1,1,0
BRDA:35,2,0,0
BRDA:35,2,1,0
BRDA:43,3,0,0
BRDA:43,3,1,0
BRDA:50,4,0,0
BRDA:50,4,1,0
BRDA:59,5,0,0
BRDA:59,5,1,0
BRDA:80,6,0,0
BRDA:80,6,1,0
BRDA:81,7,0,0
BRDA:81,7,1,0
BRDA:88,8,0,0
BRDA:88,8,1,0
BRDA:89,9,0,0
BRDA:89,9,1,0
BRF:20
BRH:0
end_of_record
TN:
SF:components/analytics/charts/ChartLegend.tsx
FN:20,ChartLegend
FN:33,(anonymous_1)
FN:50,(anonymous_2)
FNF:3
FNH:0
FNDA:0,ChartLegend
FNDA:0,(anonymous_1)
FNDA:0,(anonymous_2)
DA:24,0
DA:26,0
DA:34,0
DA:50,0
LF:4
LH:0
BRDA:22,0,0,0
BRDA:30,1,0,0
BRDA:30,1,1,0
BRDA:38,2,0,0
BRDA:38,2,1,0
BRDA:43,3,0,0
BRDA:43,3,1,0
BRF:7
BRH:0
end_of_record
TN:
SF:components/analytics/charts/CostAreaChart.tsx
FN:21,CostAreaChart
FN:45,(anonymous_1)
FN:48,(anonymous_2)
FN:49,(anonymous_3)
FN:53,(anonymous_4)
FN:54,(anonymous_5)
FN:58,(anonymous_6)
FN:59,(anonymous_7)
FN:70,(anonymous_8)
FN:72,(anonymous_9)
FN:114,(anonymous_10)
FNF:11
FNH:0
FNDA:0,CostAreaChart
FNDA:0,(anonymous_1)
FNDA:0,(anonymous_2)
FNDA:0,(anonymous_3)
FNDA:0,(anonymous_4)
FNDA:0,(anonymous_5)
FNDA:0,(anonymous_6)
FNDA:0,(anonymous_7)
FNDA:0,(anonymous_8)
FNDA:0,(anonymous_9)
FNDA:0,(anonymous_10)
DA:27,0
DA:28,0
DA:30,0
DA:31,0
DA:41,0
DA:42,0
DA:44,0
DA:45,0
DA:48,0
DA:49,0
DA:53,0
DA:54,0
DA:58,0
DA:59,0
DA:65,0
DA:71,0
DA:73,0
DA:87,0
DA:93,0
DA:114,0
LF:20
LH:0
BRDA:24,0,0,0
BRDA:25,1,0,0
BRDA:30,2,0,0
BRDA:30,2,1,0
BRDA:70,3,0,0
BRDA:71,4,0,0
BRDA:71,4,1,0
BRDA:72,5,0,0
BRDA:73,6,0,0
BRDA:73,6,1,0
BRDA:109,7,0,0
BRDA:109,7,1,0
BRF:12
BRH:0
end_of_record
TN:
SF:components/analytics/charts/CostBarChart.tsx
FN:19,CostBarChart
FN:49,(anonymous_1)
FN:52,(anonymous_2)
FN:68,(anonymous_3)
FN:69,(anonymous_4)
FN:98,(anonymous_5)
FNF:6
FNH:0
FNDA:0,CostBarChart
FNDA:0,(anonymous_1)
FNDA:0,(anonymous_2)
FNDA:0,(anonymous_3)
FNDA:0,(anonymous_4)
FNDA:0,(anonymous_5)
DA:25,0
DA:26,0
DA:28,0
DA:29,0
DA:39,0
DA:42,0
DA:48,0
DA:49,0
DA:53,0
DA:63,0
DA:68,0
DA:70,0
DA:79,0
DA:98,0
LF:14
LH:0
BRDA:22,0,0,0
BRDA:23,1,0,0
BRDA:28,2,0,0
BRDA:28,2,1,0
BRDA:42,3,0,0
BRDA:42,3,1,0
BRDA:44,4,0,0
BRDA:44,4,1,0
BRDA:53,5,0,0
BRDA:53,5,1,0
BRDA:55,6,0,0
BRDA:55,6,1,0
BRDA:69,7,0,0
BRDA:70,8,0,0
BRDA:70,8,1,0
BRF:15
BRH:0
end_of_record
TN:
SF:components/analytics/charts/CostLineChart.tsx
FN:21,CostLineChart
FN:55,(anonymous_1)
FN:58,(anonymous_2)
FN:59,(anonymous_3)
FN:63,(anonymous_4)
FN:64,(anonymous_5)
FN:69,(anonymous_6)
FN:70,(anonymous_7)
FN:83,(anonymous_8)
FN:85,(anonymous_9)
FN:133,(anonymous_10)
FNF:11
FNH:0
FNDA:0,CostLineChart
FNDA:0,(anonymous_1)
FNDA:0,(anonymous_2)
FNDA:0,(anonymous_3)
FNDA:0,(anonymous_4)
FNDA:0,(anonymous_5)
FNDA:0,(anonymous_6)
FNDA:0,(anonymous_7)
FNDA:0,(anonymous_8)
FNDA:0,(anonymous_9)
FNDA:0,(anonymous_10)
DA:27,0
DA:28,0
DA:29,0
DA:31,0
DA:32,0
DA:52,0
DA:54,0
DA:55,0
DA:58,0
DA:59,0
DA:63,0
DA:64,0
DA:69,0
DA:70,0
DA:78,0
DA:84,0
DA:86,0
DA:98,0
DA:104,0
DA:133,0
LF:20
LH:0
BRDA:24,0,0,0
BRDA:25,1,0,0
BRDA:31,2,0,0
BRDA:31,2,1,0
BRDA:37,3,0,0
BRDA:37,3,1,0
BRDA:38,4,0,0
BRDA:38,4,1,0
BRDA:44,5,0,0
BRDA:44,5,1,0
BRDA:75,6,0,0
BRDA:75,6,1,0
BRDA:83,7,0,0
BRDA:84,8,0,0
BRDA:84,8,1,0
BRDA:85,9,0,0
BRDA:86,10,0,0
BRDA:86,10,1,0
BRDA:109,11,0,0
BRDA:109,11,1,0
BRDA:110,12,0,0
BRDA:110,12,1,0
BRDA:128,13,0,0
BRDA:128,13,1,0
BRF:24
BRH:0
end_of_record
TN:
SF:components/analytics/charts/CostPieChart.tsx
FN:20,CostPieChart
FN:64,(anonymous_1)
FN:104,(anonymous_2)
FNF:3
FNH:0
FNDA:0,CostPieChart
FNDA:0,(anonymous_1)
FNDA:0,(anonymous_2)
DA:27,0
DA:28,0
DA:30,0
DA:32,0
DA:33,0
DA:43,0
DA:44,0
DA:46,0
DA:63,0
DA:64,0
DA:67,0
DA:80,0
DA:104,0
LF:13
LH:0
BRDA:24,0,0,0
BRDA:25,1,0,0
BRDA:32,2,0,0
BRDA:32,2,1,0
BRDA:64,3,0,0
BRDA:99,4,0,0
BRDA:99,4,1,0
BRF:7
BRH:0
end_of_record
TN:
SF:components/analytics/charts/CostStackedBarChart.tsx
FN:20,CostStackedBarChart
FN:43,(anonymous_1)
FN:45,(anonymous_2)
FN:54,(anonymous_3)
FN:56,(anonymous_4)
FN:87,(anonymous_5)
FNF:6
FNH:0
FNDA:0,CostStackedBarChart
FNDA:0,(anonymous_1)
FNDA:0,(anonymous_2)
FNDA:0,(anonymous_3)
FNDA:0,(anonymous_4)
FNDA:0,(anonymous_5)
DA:26,0
DA:27,0
DA:29,0
DA:30,0
DA:40,0
DA:42,0
DA:43,0
DA:45,0
DA:49,0
DA:55,0
DA:57,0
DA:66,0
DA:71,0
DA:87,0
LF:14
LH:0
BRDA:23,0,0,0
BRDA:24,1,0,0
BRDA:29,2,0,0
BRDA:29,2,1,0
BRDA:54,3,0,0
BRDA:55,4,0,0
BRDA:55,4,1,0
BRDA:56,5,0,0
BRDA:57,6,0,0
BRDA:57,6,1,0
BRDA:82,7,0,0
BRDA:82,7,1,0
BRF:12
BRH:0
end_of_record
TN:
SF:components/auth/AuthButton.tsx
FN:31,AuthButton
FN:45,(anonymous_1)
FN:51,(anonymous_2)
FN:57,(anonymous_3)
FNF:4
FNH:0
FNDA:0,AuthButton
FNDA:0,(anonymous_1)
FNDA:0,(anonymous_2)
FNDA:0,(anonymous_3)
DA:40,0
DA:41,0
DA:43,0
DA:45,0
DA:46,0
DA:47,0
DA:48,0
DA:51,0
DA:52,0
DA:53,0
DA:54,0
DA:57,0
DA:58,0
DA:59,0
DA:62,0
DA:98,0
LF:16
LH:0
BRDA:34,0,0,0
BRDA:35,1,0,0
BRDA:36,2,0,0
BRDA:37,3,0,0
BRDA:41,4,0,0
BRDA:41,4,1,0
BRDA:43,5,0,0
BRDA:43,5,1,0
BRDA:46,6,0,0
BRDA:46,6,1,0
BRDA:47,7,0,0
BRDA:47,7,1,0
BRDA:52,8,0,0
BRDA:52,8,1,0
BRDA:53,9,0,0
BRDA:53,9,1,0
BRDA:58,10,0,0
BRDA:58,10,1,0
BRDA:71,11,0,0
BRDA:71,11,1,0
BRDA:73,12,0,0
BRDA:73,12,1,0
BRDA:83,13,0,0
BRDA:83,13,1,0
BRDA:100,14,0,0
BRDA:100,14,1,0
BRDA:105,15,0,0
BRDA:105,15,1,0
BRDA:107,16,0,0
BRDA:107,16,1,0
BRF:30
BRH:0
end_of_record
TN:
SF:components/auth/AuthCheckbox.tsx
FN:21,AuthCheckbox
FNF:1
FNH:0
FNDA:0,AuthCheckbox
DA:22,0
DA:23,0
DA:25,0
DA:51,0
LF:4
LH:0
BRDA:23,0,0,0
BRDA:23,0,1,0
BRDA:35,1,0,0
BRDA:35,1,1,0
BRDA:41,2,0,0
BRDA:41,2,1,0
BRDA:58,3,0,0
BRDA:58,3,1,0
BRDA:60,4,0,0
BRDA:60,4,1,0
BRF:10
BRH:0
end_of_record
TN:
SF:components/auth/AuthHeader.tsx
FN:25,AuthHeader
FNF:1
FNH:0
FNDA:0,AuthHeader
DA:32,0
DA:33,0
DA:35,0
DA:64,0
LF:4
LH:0
BRDA:29,0,0,0
BRDA:30,1,0,0
BRDA:33,2,0,0
BRDA:33,2,1,0
BRF:4
BRH:0
end_of_record
TN:
SF:components/auth/AuthInput.tsx
FN:42,AuthInput
FN:64,(anonymous_1)
FN:73,(anonymous_2)
FN:99,(anonymous_3)
FN:196,(anonymous_4)
FNF:5
FNH:0
FNDA:0,AuthInput
FNDA:0,(anonymous_1)
FNDA:0,(anonymous_2)
FNDA:0,(anonymous_3)
FNDA:0,(anonymous_4)
DA:56,0
DA:57,0
DA:58,0
DA:59,0
DA:62,0
DA:64,0
DA:65,0
DA:66,0
DA:73,0
DA:74,0
DA:75,0
DA:83,0
DA:88,0
DA:93,0
DA:99,0
DA:100,0
DA:101,0
DA:102,0
DA:105,0
DA:106,0
DA:108,0
DA:157,0
DA:196,0
LF:23
LH:0
BRDA:48,0,0,0
BRDA:50,1,0,0
BRDA:51,2,0,0
BRDA:57,3,0,0
BRDA:57,3,1,0
BRDA:100,4,0,0
BRDA:100,4,1,0
BRDA:101,5,0,0
BRDA:101,5,1,0
BRDA:106,6,0,0
BRDA:106,6,1,0
BRDA:131,7,0,0
BRDA:131,7,1,0
BRDA:132,8,0,0
BRDA:132,8,1,0
BRDA:151,9,0,0
BRDA:151,9,1,0
BRDA:161,10,0,0
BRDA:161,10,1,0
BRDA:166,11,0,0
BRDA:166,11,1,0
BRDA:174,12,0,0
BRDA:174,12,1,0
BRDA:174,13,0,0
BRDA:174,13,1,0
BRDA:193,14,0,0
BRDA:193,14,1,0
BRDA:199,15,0,0
BRDA:199,15,1,0
BRDA:206,16,0,0
BRDA:206,16,1,0
BRDA:207,17,0,0
BRDA:207,17,1,0
BRDA:207,17,2,0
BRF:34
BRH:0
end_of_record
TN:
SF:components/auth/AuthLayout.tsx
FN:31,AuthLayout
FNF:1
FNH:0
FNDA:0,AuthLayout
DA:14,0
DA:32,0
DA:33,0
DA:35,0
DA:57,0
DA:59,0
LF:6
LH:0
BRDA:31,0,0,0
BRDA:33,1,0,0
BRDA:33,1,1,0
BRDA:50,2,0,0
BRDA:50,2,1,0
BRDA:62,3,0,0
BRDA:62,3,1,0
BRDA:65,4,0,0
BRDA:65,4,1,0
BRF:9
BRH:0
end_of_record
TN:
SF:components/auth/AuthLink.tsx
FN:22,AuthLink
FNF:1
FNH:0
FNDA:0,AuthLink
DA:23,0
DA:24,0
DA:26,0
DA:44,0
LF:4
LH:0
BRDA:24,0,0,0
BRDA:24,0,1,0
BRF:2
BRH:0
end_of_record
TN:
SF:components/auth/authStyles.ts
FN:9,(anonymous_0)
FN:60,(anonymous_1)
FNF:2
FNH:0
FNDA:0,(anonymous_0)
FNDA:0,(anonymous_1)
DA:4,0
DA:9,0
DA:10,0
DA:16,0
DA:60,0
DA:61,0
LF:6
LH:0
BRDA:10,0,0,0
BRDA:10,0,1,0
BRDA:78,1,0,0
BRDA:78,1,1,0
BRF:4
BRH:0
end_of_record
TN:
SF:components/charts/BarChart.tsx
FN:17,BarChart
FN:22,(anonymous_1)
FN:74,(anonymous_2)
FN:81,(anonymous_3)
FN:95,(anonymous_4)
FN:100,(anonymous_5)
FN:108,(anonymous_6)
FNF:7
FNH:0
FNDA:0,BarChart
FNDA:0,(anonymous_1)
FNDA:0,(anonymous_2)
FNDA:0,(anonymous_3)
FNDA:0,(anonymous_4)
FNDA:0,(anonymous_5)
FNDA:0,(anonymous_6)
DA:23,0
DA:26,0
DA:27,0
DA:28,0
DA:30,0
DA:32,0
DA:61,0
DA:62,0
DA:73,0
DA:75,0
DA:77,0
DA:82,0
DA:84,0
DA:90,0
DA:96,0
DA:101,0
DA:108,0
DA:111,0
LF:18
LH:0
BRDA:20,0,0,0
BRDA:22,1,0,0
BRDA:23,2,0,0
BRDA:23,2,1,0
BRDA:23,3,0,0
BRDA:23,3,1,0
BRDA:24,4,0,0
BRDA:27,5,0,0
BRDA:27,5,1,0
BRDA:30,6,0,0
BRDA:30,6,1,0
BRDA:61,7,0,0
BRDA:61,7,1,0
BRDA:61,8,0,0
BRDA:61,8,1,0
BRDA:75,9,0,0
BRDA:75,9,1,0
BRDA:77,10,0,0
BRDA:77,10,1,0
BRDA:84,11,0,0
BRDA:84,11,1,0
BRDA:84,12,0,0
BRDA:84,12,1,0
BRDA:95,13,0,0
BRDA:100,14,0,0
BRF:25
BRH:0
end_of_record
TN:
SF:components/charts/BarChart.web.tsx
FN:25,BarChart
FN:30,(anonymous_1)
FN:80,(anonymous_2)
FN:100,(anonymous_3)
FN:113,(anonymous_4)
FNF:5
FNH:0
FNDA:0,BarChart
FNDA:0,(anonymous_1)
FNDA:0,(anonymous_2)
FNDA:0,(anonymous_3)
FNDA:0,(anonymous_4)
DA:30,0
DA:33,0
DA:34,0
DA:36,0
DA:38,0
DA:68,0
DA:69,0
DA:80,0
DA:85,0
DA:101,0
DA:102,0
DA:104,0
DA:113,0
LF:13
LH:0
BRDA:28,0,0,0
BRDA:30,1,0,0
BRDA:31,2,0,0
BRDA:34,3,0,0
BRDA:34,3,1,0
BRDA:36,4,0,0
BRDA:36,4,1,0
BRDA:68,5,0,0
BRDA:68,5,1,0
BRDA:68,6,0,0
BRDA:68,6,1,0
BRDA:81,7,0,0
BRDA:81,7,1,0
BRDA:97,8,0,0
BRDA:97,8,1,0
BRDA:98,9,0,0
BRDA:98,9,1,0
BRDA:99,10,0,0
BRDA:99,10,1,0
BRDA:101,11,0,0
BRDA:101,11,1,0
BRDA:101,12,0,0
BRDA:101,12,1,0
BRF:23
BRH:0
end_of_record
TN:
SF:components/charts/LineChart.tsx
FN:17,LineChart
FN:23,(anonymous_1)
FN:73,(anonymous_2)
FN:76,(anonymous_3)
FN:77,(anonymous_4)
FN:92,(anonymous_5)
FN:97,(anonymous_6)
FN:110,(anonymous_7)
FNF:8
FNH:0
FNDA:0,LineChart
FNDA:0,(anonymous_1)
FNDA:0,(anonymous_2)
FNDA:0,(anonymous_3)
FNDA:0,(anonymous_4)
FNDA:0,(anonymous_5)
FNDA:0,(anonymous_6)
FNDA:0,(anonymous_7)
DA:23,0
DA:25,0
DA:26,0
DA:27,0
DA:29,0
DA:31,0
DA:60,0
DA:61,0
DA:72,0
DA:73,0
DA:76,0
DA:78,0
DA:87,0
DA:93,0
DA:98,0
DA:110,0
DA:113,0
LF:17
LH:0
BRDA:20,0,0,0
BRDA:22,1,0,0
BRDA:23,2,0,0
BRDA:26,3,0,0
BRDA:26,3,1,0
BRDA:29,4,0,0
BRDA:29,4,1,0
BRDA:60,5,0,0
BRDA:60,5,1,0
BRDA:60,6,0,0
BRDA:60,6,1,0
BRDA:73,7,0,0
BRDA:73,7,1,0
BRDA:77,8,0,0
BRDA:92,9,0,0
BRDA:97,10,0,0
BRF:16
BRH:0
end_of_record
TN:
SF:components/charts/LineChart.web.tsx
FN:25,LineChart
FN:31,(anonymous_1)
FN:80,(anonymous_2)
FN:96,(anonymous_3)
FN:109,(anonymous_4)
FNF:5
FNH:0
FNDA:0,LineChart
FNDA:0,(anonymous_1)
FNDA:0,(anonymous_2)
FNDA:0,(anonymous_3)
FNDA:0,(anonymous_4)
DA:31,0
DA:33,0
DA:34,0
DA:36,0
DA:38,0
DA:68,0
DA:69,0
DA:80,0
DA:85,0
DA:97,0
DA:98,0
DA:100,0
DA:109,0
LF:13
LH:0
BRDA:28,0,0,0
BRDA:30,1,0,0
BRDA:31,2,0,0
BRDA:34,3,0,0
BRDA:34,3,1,0
BRDA:36,4,0,0
BRDA:36,4,1,0
BRDA:68,5,0,0
BRDA:68,5,1,0
BRDA:68,6,0,0
BRDA:68,6,1,0
BRDA:81,7,0,0
BRDA:81,7,1,0
BRDA:97,8,0,0
BRDA:97,8,1,0
BRDA:97,9,0,0
BRDA:97,9,1,0
BRF:17
BRH:0
end_of_record
TN:
SF:components/charts/PieChart.tsx
FN:16,PieChart
FN:97,(anonymous_1)
FN:112,(anonymous_2)
FN:117,(anonymous_3)
FNF:4
FNH:0
FNDA:0,PieChart
FNDA:0,(anonymous_1)
FNDA:0,(anonymous_2)
FNDA:0,(anonymous_3)
DA:23,0
DA:24,0
DA:25,0
DA:27,0
DA:34,0
DA:85,0
DA:86,0
DA:97,0
DA:98,0
DA:99,0
DA:108,0
DA:113,0
DA:118,0
DA:124,0
LF:14
LH:0
BRDA:19,0,0,0
BRDA:21,1,0,0
BRDA:24,2,0,0
BRDA:24,2,1,0
BRDA:85,3,0,0
BRDA:85,3,1,0
BRDA:85,4,0,0
BRDA:85,4,1,0
BRDA:98,5,0,0
BRDA:98,5,1,0
BRDA:100,6,0,0
BRDA:100,6,1,0
BRDA:112,7,0,0
BRDA:117,8,0,0
BRF:14
BRH:0
end_of_record
TN:
SF:components/charts/PieChart.web.tsx
FN:23,PieChart
FN:84,(anonymous_1)
FN:105,(anonymous_2)
FN:113,(anonymous_3)
FN:127,(anonymous_4)
FNF:5
FNH:0
FNDA:0,PieChart
FNDA:0,(anonymous_1)
FNDA:0,(anonymous_2)
FNDA:0,(anonymous_3)
FNDA:0,(anonymous_4)
DA:30,0
DA:31,0
DA:33,0
DA:39,0
DA:41,0
DA:72,0
DA:73,0
DA:84,0
DA:90,0
DA:106,0
DA:113,0
DA:128,0
LF:12
LH:0
BRDA:26,0,0,0
BRDA:28,1,0,0
BRDA:31,2,0,0
BRDA:31,2,1,0
BRDA:39,3,0,0
BRDA:39,3,1,0
BRDA:72,4,0,0
BRDA:72,4,1,0
BRDA:72,5,0,0
BRDA:72,5,1,0
BRDA:87,6,0,0
BRDA:87,6,1,0
BRDA:123,7,0,0
BRDA:123,7,1,0
BRF:14
BRH:0
end_of_record
TN:
SF:components/charts/index.web.ts
FNF:0
FNH:0
LF:0
LH:0
BRF:0
BRH:0
end_of_record
TN:
SF:components/dashboard/ActivityTimelineItem.tsx
FN:12,ActivityTimelineItem
FN:32,(anonymous_1)
FNF:2
FNH:0
FNDA:0,ActivityTimelineItem
FNDA:0,(anonymous_1)
DA:13,0
DA:14,0
DA:16,0
DA:32,0
LF:4
LH:0
BRF:0
BRH:0
end_of_record
TN:
SF:components/dashboard/QuickActionButton.tsx
FN:13,QuickActionButton
FN:38,(anonymous_1)
FNF:2
FNH:0
FNDA:0,QuickActionButton
FNDA:0,(anonymous_1)
DA:19,0
DA:21,0
DA:38,0
LF:3
LH:0
BRF:0
BRH:0
end_of_record
TN:
SF:components/dashboard/StatCard.tsx
FN:12,StatCard
FN:41,(anonymous_1)
FNF:2
FNH:0
FNDA:0,StatCard
FNDA:0,(anonymous_1)
DA:13,0
DA:16,0
DA:18,0
DA:22,0
DA:41,0
LF:5
LH:0
BRDA:16,0,0,0
BRDA:16,0,1,0
BRDA:16,1,0,0
BRDA:16,1,1,0
BRDA:18,2,0,0
BRDA:18,2,1,0
BRDA:18,3,0,0
BRDA:18,3,1,0
BRDA:26,4,0,0
BRDA:26,4,1,0
BRDA:26,4,2,0
BRDA:29,5,0,0
BRDA:29,5,1,0
BRF:13
BRH:0
end_of_record
TN:
SF:components/dashboard/VehicleCard.tsx
FN:13,VehicleCard
FN:26,(anonymous_1)
FN:33,(anonymous_2)
FN:43,(anonymous_3)
FN:77,(anonymous_4)
FNF:5
FNH:0
FNDA:0,VehicleCard
FNDA:0,(anonymous_1)
FNDA:0,(anonymous_2)
FNDA:0,(anonymous_3)
FNDA:0,(anonymous_4)
DA:14,0
DA:15,0
DA:18,0
DA:25,0
DA:26,0
DA:28,0
DA:30,0
DA:33,0
DA:43,0
DA:77,0
LF:10
LH:0
BRDA:26,0,0,0
BRDA:26,0,1,0
BRDA:28,1,0,0
BRDA:28,1,1,0
BRDA:36,2,0,0
BRDA:36,2,1,0
BRDA:36,3,0,0
BRDA:36,3,1,0
BRDA:55,4,0,0
BRDA:55,4,1,0
BRDA:58,5,0,0
BRDA:58,5,1,0
BRDA:63,6,0,0
BRDA:63,6,1,0
BRF:14
BRH:0
end_of_record
TN:
SF:components/dev/TestNotifications.tsx
FN:12,TestNotifications
FN:15,(anonymous_1)
FN:99,(anonymous_2)
FN:135,(anonymous_3)
FN:143,(anonymous_4)
FN:151,(anonymous_5)
FN:159,(anonymous_6)
FN:167,(anonymous_7)
FNF:8
FNH:0
FNDA:0,TestNotifications
FNDA:0,(anonymous_1)
FNDA:0,(anonymous_2)
FNDA:0,(anonymous_3)
FNDA:0,(anonymous_4)
FNDA:0,(anonymous_5)
FNDA:0,(anonymous_6)
FNDA:0,(anonymous_7)
DA:13,0
DA:15,0
DA:23,0
DA:24,0
DA:27,0
DA:29,0
DA:30,0
DA:31,0
DA:34,0
DA:67,0
DA:70,0
DA:81,0
DA:85,0
DA:86,0
DA:87,0
DA:89,0
DA:92,0
DA:93,0
DA:95,0
DA:99,0
DA:100,0
DA:101,0
DA:104,0
DA:106,0
DA:107,0
DA:108,0
DA:111,0
DA:117,0
DA:118,0
DA:120,0
DA:123,0
DA:125,0
DA:129,0
DA:135,0
DA:143,0
DA:151,0
DA:159,0
DA:167,0
DA:189,0
LF:39
LH:0
BRDA:29,0,0,0
BRDA:29,0,1,0
BRDA:77,1,0,0
BRDA:77,1,1,0
BRDA:78,2,0,0
BRDA:78,2,1,0
BRDA:85,3,0,0
BRDA:85,3,1,0
BRDA:106,4,0,0
BRDA:106,4,1,0
BRDA:117,5,0,0
BRDA:117,5,1,0
BRF:12
BRH:0
end_of_record
TN:
SF:components/examples/UnistylesExample.tsx
FN:9,UnistylesExample
FN:62,(anonymous_1)
FNF:2
FNH:0
FNDA:0,UnistylesExample
FNDA:0,(anonymous_1)
DA:10,0
DA:12,0
DA:62,0
LF:3
LH:0
BRDA:51,0,0,0
BRDA:51,0,1,0
BRF:2
BRH:0
end_of_record
TN:
SF:components/forms/FuelPriceChip.tsx
FN:12,FuelPriceChip
FN:40,(anonymous_1)
FNF:2
FNH:0
FNDA:0,FuelPriceChip
FNDA:0,(anonymous_1)
DA:18,0
DA:21,0
DA:26,0
DA:40,0
LF:4
LH:0
BRDA:21,0,0,0
BRDA:21,0,1,0
BRDA:32,1,0,0
BRDA:32,1,1,0
BRDA:34,2,0,0
BRDA:34,2,1,0
BRF:6
BRH:0
end_of_record
TN:
SF:components/forms/VehicleOption.tsx
FN:15,VehicleOption
FN:39,(anonymous_1)
FN:61,(anonymous_2)
FNF:3
FNH:0
FNDA:0,VehicleOption
FNDA:0,(anonymous_1)
FNDA:0,(anonymous_2)
DA:20,0
DA:21,0
DA:24,0
DA:29,0
DA:39,0
DA:61,0
LF:6
LH:0
BRDA:24,0,0,0
BRDA:24,0,1,0
BRDA:34,1,0,0
BRDA:34,1,1,0
BRDA:34,2,0,0
BRDA:34,2,1,0
BRDA:47,3,0,0
BRDA:47,3,1,0
BRDA:53,4,0,0
BRDA:53,4,1,0
BRF:10
BRH:0
end_of_record
TN:
SF:components/forms/VehicleSelector.tsx
FN:16,VehicleSelector
FN:24,(anonymous_1)
FN:40,(anonymous_2)
FN:87,(anonymous_3)
FN:92,(anonymous_4)
FN:100,(anonymous_5)
FNF:6
FNH:5
FNDA:14,VehicleSelector
FNDA:15,(anonymous_1)
FNDA:0,(anonymous_2)
FNDA:17,(anonymous_3)
FNDA:2,(anonymous_4)
FNDA:1,(anonymous_5)
DA:22,14
DA:23,14
DA:24,15
DA:27,14
DA:28,4
DA:40,0
DA:77,10
DA:88,17
DA:92,2
DA:100,1
LF:10
LH:9
BRDA:27,0,0,4
BRDA:27,0,1,10
BRDA:27,1,0,14
BRDA:27,1,1,5
BRDA:35,2,0,0
BRDA:35,2,1,4
BRDA:35,3,0,4
BRDA:35,3,1,0
BRF:8
BRH:6
end_of_record
TN:
SF:components/layout/MaxWidthContainer.tsx
FN:26,MaxWidthContainer
FNF:1
FNH:0
FNDA:0,MaxWidthContainer
DA:34,0
DA:37,0
DA:38,0
DA:46,0
DA:64,0
LF:5
LH:0
BRDA:28,0,0,0
BRDA:29,1,0,0
BRDA:30,2,0,0
BRDA:37,3,0,0
BRDA:37,3,1,0
BRDA:37,4,0,0
BRDA:37,4,1,0
BRDA:37,4,2,0
BRDA:50,5,0,0
BRDA:50,5,1,0
BRF:10
BRH:0
end_of_record
TN:
SF:components/layout/ResponsiveGrid.tsx
FN:36,ResponsiveGrid
FN:86,(anonymous_1)
FN:101,(anonymous_2)
FN:109,(anonymous_3)
FN:126,(anonymous_4)
FNF:5
FNH:0
FNDA:0,ResponsiveGrid
FNDA:0,(anonymous_1)
FNDA:0,(anonymous_2)
FNDA:0,(anonymous_3)
FNDA:0,(anonymous_4)
DA:43,0
DA:46,0
DA:51,0
DA:53,0
DA:54,0
DA:58,0
DA:59,0
DA:61,0
DA:62,0
DA:63,0
DA:64,0
DA:65,0
DA:66,0
DA:67,0
DA:68,0
DA:70,0
DA:74,0
DA:78,0
DA:79,0
DA:83,0
DA:84,0
DA:87,0
DA:101,0
DA:102,0
DA:104,0
DA:105,0
DA:107,0
DA:110,0
DA:127,0
DA:146,0
DA:149,0
DA:152,0
LF:32
LH:0
BRDA:46,0,0,0
BRDA:46,0,1,0
BRDA:51,1,0,0
BRDA:51,1,1,0
BRDA:59,2,0,0
BRDA:59,2,1,0
BRDA:61,3,0,0
BRDA:61,3,1,0
BRDA:61,4,0,0
BRDA:61,4,1,0
BRDA:63,5,0,0
BRDA:63,5,1,0
BRDA:63,6,0,0
BRDA:63,6,1,0
BRDA:65,7,0,0
BRDA:65,7,1,0
BRDA:65,8,0,0
BRDA:65,8,1,0
BRDA:67,9,0,0
BRDA:67,9,1,0
BRDA:67,10,0,0
BRDA:67,10,1,0
BRDA:78,11,0,0
BRDA:78,11,1,0
BRDA:78,12,0,0
BRDA:78,12,1,0
BRDA:83,13,0,0
BRDA:83,13,1,0
BRDA:90,14,0,0
BRDA:90,14,1,0
BRDA:116,15,0,0
BRDA:116,15,1,0
BRDA:124,16,0,0
BRDA:124,16,1,0
BRDA:134,17,0,0
BRDA:134,17,1,0
BRF:36
BRH:0
end_of_record
TN:
SF:components/layout/WebLayout.tsx
FN:15,WebLayout
FN:55,(anonymous_1)
FNF:2
FNH:0
FNDA:0,WebLayout
FNDA:0,(anonymous_1)
DA:21,0
DA:22,0
DA:25,0
DA:26,0
DA:34,0
DA:55,0
LF:6
LH:0
BRDA:17,0,0,0
BRDA:19,1,0,0
BRDA:25,2,0,0
BRDA:25,2,1,0
BRDA:25,3,0,0
BRDA:25,3,1,0
BRDA:25,3,2,0
BRDA:38,4,0,0
BRDA:38,4,1,0
BRF:9
BRH:0
end_of_record
TN:
SF:components/logs/LogDetailsBottomSheet.tsx
FN:36,(anonymous_0)
FN:38,(anonymous_1)
FN:41,(anonymous_2)
FN:56,(anonymous_3)
FN:210,(anonymous_4)
FN:216,(anonymous_5)
FN:275,(anonymous_6)
FN:286,(anonymous_7)
FN:310,(anonymous_8)
FN:422,(anonymous_9)
FNF:10
FNH:0
FNDA:0,(anonymous_0)
FNDA:0,(anonymous_1)
FNDA:0,(anonymous_2)
FNDA:0,(anonymous_3)
FNDA:0,(anonymous_4)
FNDA:0,(anonymous_5)
FNDA:0,(anonymous_6)
FNDA:0,(anonymous_7)
FNDA:0,(anonymous_8)
FNDA:0,(anonymous_9)
DA:33,0
DA:37,0
DA:38,0
DA:40,0
DA:42,0
DA:53,0
DA:56,0
DA:57,0
DA:58,0
DA:66,0
DA:68,0
DA:70,0
DA:74,0
DA:121,0
DA:122,0
DA:150,0
DA:151,0
DA:153,0
DA:208,0
DA:210,0
DA:211,0
DA:212,0
DA:213,0
DA:216,0
DA:217,0
DA:218,0
DA:219,0
DA:222,0
DA:287,0
DA:311,0
DA:312,0
DA:420,0
DA:422,0
LF:33
LH:0
BRDA:53,0,0,0
BRDA:53,0,1,0
BRDA:57,1,0,0
BRDA:57,1,1,0
BRDA:57,2,0,0
BRDA:57,2,1,0
BRDA:66,3,0,0
BRDA:66,3,1,0
BRDA:66,3,2,0
BRDA:70,4,0,0
BRDA:70,4,1,0
BRDA:70,5,0,0
BRDA:70,5,1,0
BRDA:77,6,0,0
BRDA:77,6,1,0
BRDA:77,7,0,0
BRDA:77,7,1,0
BRDA:81,8,0,0
BRDA:81,8,1,0
BRDA:86,9,0,0
BRDA:86,9,1,0
BRDA:89,10,0,0
BRDA:89,10,1,0
BRDA:98,11,0,0
BRDA:98,11,1,0
BRDA:109,12,0,0
BRDA:109,12,1,0
BRDA:125,13,0,0
BRDA:125,13,1,0
BRDA:129,14,0,0
BRDA:129,14,1,0
BRDA:132,15,0,0
BRDA:132,15,1,0
BRDA:156,16,0,0
BRDA:156,16,1,0
BRDA:160,17,0,0
BRDA:160,17,1,0
BRDA:163,18,0,0
BRDA:163,18,1,0
BRDA:172,19,0,0
BRDA:172,19,1,0
BRDA:183,20,0,0
BRDA:183,20,1,0
BRDA:186,21,0,0
BRDA:186,21,1,0
BRDA:211,22,0,0
BRDA:211,22,1,0
BRDA:211,23,0,0
BRDA:211,23,1,0
BRDA:217,24,0,0
BRDA:217,24,1,0
BRDA:217,25,0,0
BRDA:217,25,1,0
BRDA:255,26,0,0
BRDA:255,26,1,0
BRDA:270,27,0,0
BRDA:270,27,1,0
BRDA:270,27,2,0
BRDA:305,28,0,0
BRDA:305,28,1,0
BRDA:316,29,0,0
BRDA:316,29,1,0
BRDA:339,30,0,0
BRDA:339,30,1,0
BRDA:361,31,0,0
BRDA:361,31,1,0
BRDA:406,32,0,0
BRDA:406,32,1,0
BRF:68
BRH:0
end_of_record
TN:
SF:components/logs/index.android.ts
FNF:0
FNH:0
LF:0
LH:0
BRF:0
BRH:0
end_of_record
TN:
SF:components/logs/index.ios.ts
FNF:0
FNH:0
LF:0
LH:0
BRF:0
BRH:0
end_of_record
TN:
SF:components/logs/index.web.ts
FNF:0
FNH:0
DA:8,0
LF:1
LH:0
BRF:0
BRH:0
end_of_record
TN:
SF:components/navigation/ResponsiveTabBar.tsx
FN:12,(anonymous_0)
FN:26,(anonymous_1)
FN:35,(anonymous_2)
FN:36,(anonymous_3)
FN:49,(anonymous_4)
FN:57,(anonymous_5)
FN:76,(anonymous_6)
FN:89,(anonymous_7)
FN:106,(anonymous_8)
FN:108,(anonymous_9)
FN:146,(anonymous_10)
FN:147,(anonymous_11)
FN:186,(anonymous_12)
FNF:13
FNH:0
FNDA:0,(anonymous_0)
FNDA:0,(anonymous_1)
FNDA:0,(anonymous_2)
FNDA:0,(anonymous_3)
FNDA:0,(anonymous_4)
FNDA:0,(anonymous_5)
FNDA:0,(anonymous_6)
FNDA:0,(anonymous_7)
FNDA:0,(anonymous_8)
FNDA:0,(anonymous_9)
FNDA:0,(anonymous_10)
FNDA:0,(anonymous_11)
FNDA:0,(anonymous_12)
DA:12,0
DA:13,0
DA:15,0
DA:17,0
DA:19,0
DA:26,0
DA:31,0
DA:32,0
DA:34,0
DA:36,0
DA:37,0
DA:38,0
DA:39,0
DA:40,0
DA:42,0
DA:48,0
DA:49,0
DA:53,0
DA:54,0
DA:55,0
DA:57,0
DA:58,0
DA:64,0
DA:66,0
DA:67,0
DA:71,0
DA:77,0
DA:85,0
DA:89,0
DA:90,0
DA:96,0
DA:107,0
DA:108,0
DA:109,0
DA:112,0
DA:118,0
DA:122,0
DA:125,0
DA:127,0
DA:146,0
DA:147,0
DA:186,0
LF:42
LH:0
BRDA:15,0,0,0
BRDA:15,0,1,0
BRDA:15,1,0,0
BRDA:15,1,1,0
BRDA:17,2,0,0
BRDA:17,2,1,0
BRDA:39,3,0,0
BRDA:39,3,1,0
BRDA:39,4,0,0
BRDA:39,4,1,0
BRDA:53,5,0,0
BRDA:53,5,1,0
BRDA:54,6,0,0
BRDA:54,6,1,0
BRDA:55,7,0,0
BRDA:55,7,1,0
BRDA:64,8,0,0
BRDA:64,8,1,0
BRDA:64,9,0,0
BRDA:64,9,1,0
BRDA:66,10,0,0
BRDA:66,10,1,0
BRDA:66,11,0,0
BRDA:66,11,1,0
BRDA:112,12,0,0
BRDA:112,12,1,0
BRDA:114,13,0,0
BRDA:114,13,1,0
BRDA:118,14,0,0
BRDA:118,14,1,0
BRDA:122,15,0,0
BRDA:122,15,1,0
BRDA:139,16,0,0
BRDA:139,16,1,0
BRDA:141,17,0,0
BRDA:141,17,1,0
BRDA:142,18,0,0
BRDA:142,18,1,0
BRDA:148,19,0,0
BRDA:148,19,1,0
BRDA:151,20,0,0
BRDA:151,20,1,0
BRDA:158,21,0,0
BRDA:158,21,1,0
BRDA:167,22,0,0
BRDA:167,22,1,0
BRDA:170,23,0,0
BRDA:170,23,1,0
BRDA:175,24,0,0
BRDA:175,24,1,0
BRF:50
BRH:0
end_of_record
TN:
SF:components/navigation/WebNavbar.tsx
FN:26,WebNavbar
FN:38,(anonymous_1)
FN:42,(anonymous_2)
FN:48,(anonymous_3)
FN:60,(anonymous_4)
FN:89,(anonymous_5)
FN:110,(anonymous_6)
FN:122,(anonymous_7)
FNF:8
FNH:0
FNDA:0,WebNavbar
FNDA:0,(anonymous_1)
FNDA:0,(anonymous_2)
FNDA:0,(anonymous_3)
FNDA:0,(anonymous_4)
FNDA:0,(anonymous_5)
FNDA:0,(anonymous_6)
FNDA:0,(anonymous_7)
DA:18,0
DA:27,0
DA:28,0
DA:29,0
DA:30,0
DA:31,0
DA:34,0
DA:35,0
DA:38,0
DA:39,0
DA:42,0
DA:43,0
DA:44,0
DA:45,0
DA:48,0
DA:50,0
DA:52,0
DA:60,0
DA:81,0
DA:90,0
DA:110,0
DA:122,0
LF:22
LH:0
BRDA:34,0,0,0
BRDA:34,0,1,0
BRDA:34,1,0,0
BRDA:34,1,1,0
BRDA:50,2,0,0
BRDA:50,2,1,0
BRDA:57,3,0,0
BRDA:57,3,1,0
BRDA:65,4,0,0
BRDA:65,4,1,0
BRDA:71,5,0,0
BRDA:71,5,1,0
BRF:12
BRH:0
end_of_record
TN:
SF:components/navigation/WebSidebar.native.tsx
FN:4,WebSidebar
FNF:1
FNH:0
FNDA:0,WebSidebar
DA:5,0
LF:1
LH:0
BRF:0
BRH:0
end_of_record
TN:
SF:components/navigation/WebSidebar.tsx
FN:42,WebSidebar
FN:66,(anonymous_1)
FN:70,(anonymous_2)
FN:76,(anonymous_3)
FN:100,(anonymous_4)
FN:390,(anonymous_5)
FN:397,(anonymous_6)
FN:452,(anonymous_7)
FN:490,(anonymous_8)
FN:536,(anonymous_9)
FN:544,(anonymous_10)
FN:551,(anonymous_11)
FNF:12
FNH:0
FNDA:0,WebSidebar
FNDA:0,(anonymous_1)
FNDA:0,(anonymous_2)
FNDA:0,(anonymous_3)
FNDA:0,(anonymous_4)
FNDA:0,(anonymous_5)
FNDA:0,(anonymous_6)
FNDA:0,(anonymous_7)
FNDA:0,(anonymous_8)
FNDA:0,(anonymous_9)
FNDA:0,(anonymous_10)
FNDA:0,(anonymous_11)
DA:29,0
DA:43,0
DA:44,0
DA:45,0
DA:46,0
DA:47,0
DA:48,0
DA:49,0
DA:50,0
DA:54,0
DA:59,0
DA:60,0
DA:64,0
DA:66,0
DA:67,0
DA:70,0
DA:71,0
DA:72,0
DA:73,0
DA:76,0
DA:78,0
DA:80,0
DA:100,0
DA:142,0
DA:385,0
DA:386,0
DA:391,0
DA:397,0
DA:410,0
DA:453,0
DA:490,0
DA:536,0
DA:544,0
DA:551,0
LF:34
LH:0
BRDA:45,0,0,0
BRDA:45,0,1,0
BRDA:54,1,0,0
BRDA:54,1,1,0
BRDA:54,1,2,0
BRDA:59,2,0,0
BRDA:59,2,1,0
BRDA:59,3,0,0
BRDA:59,3,1,0
BRDA:78,4,0,0
BRDA:78,4,1,0
BRDA:83,5,0,0
BRDA:83,5,1,0
BRDA:84,6,0,0
BRDA:84,6,1,0
BRDA:89,7,0,0
BRDA:89,7,1,0
BRDA:89,7,2,0
BRDA:90,8,0,0
BRDA:90,8,1,0
BRDA:91,9,0,0
BRDA:91,9,1,0
BRDA:92,10,0,0
BRDA:92,10,1,0
BRDA:93,11,0,0
BRDA:93,11,1,0
BRDA:95,12,0,0
BRDA:95,12,1,0
BRDA:103,13,0,0
BRDA:103,13,1,0
BRDA:103,13,2,0
BRDA:106,14,0,0
BRDA:106,14,1,0
BRDA:108,15,0,0
BRDA:108,15,1,0
BRDA:109,16,0,0
BRDA:109,16,1,0
BRDA:116,17,0,0
BRDA:116,17,1,0
BRDA:116,17,2,0
BRDA:121,18,0,0
BRDA:121,18,1,0
BRDA:122,19,0,0
BRDA:122,19,1,0
BRDA:126,20,0,0
BRDA:126,20,1,0
BRDA:128,21,0,0
BRDA:128,21,1,0
BRDA:143,22,0,0
BRDA:143,22,1,0
BRDA:163,23,0,0
BRDA:163,23,1,0
BRDA:169,24,0,0
BRDA:169,24,1,0
BRDA:205,25,0,0
BRDA:205,25,1,0
BRDA:206,26,0,0
BRDA:206,26,1,0
BRDA:222,27,0,0
BRDA:222,27,1,0
BRDA:233,28,0,0
BRDA:233,28,1,0
BRDA:265,29,0,0
BRDA:265,29,1,0
BRDA:291,30,0,0
BRDA:291,30,1,0
BRDA:295,31,0,0
BRDA:295,31,1,0
BRDA:318,32,0,0
BRDA:318,32,1,0
BRDA:319,33,0,0
BRDA:319,33,1,0
BRDA:320,34,0,0
BRDA:320,34,1,0
BRDA:323,35,0,0
BRDA:323,35,1,0
BRDA:332,36,0,0
BRDA:332,36,1,0
BRDA:354,37,0,0
BRDA:354,37,1,0
BRDA:385,38,0,0
BRDA:385,38,1,0
BRDA:414,39,0,0
BRDA:414,39,1,0
BRDA:423,40,0,0
BRDA:423,40,1,0
BRDA:434,41,0,0
BRDA:434,41,1,0
BRDA:438,42,0,0
BRDA:438,42,1,0
BRDA:468,43,0,0
BRDA:468,43,1,0
BRDA:472,44,0,0
BRDA:472,44,1,0
BRDA:496,45,0,0
BRDA:496,45,1,0
BRDA:513,46,0,0
BRDA:513,46,1,0
BRDA:517,47,0,0
BRDA:517,47,1,0
BRDA:524,48,0,0
BRDA:524,48,1,0
BRDA:537,49,0,0
BRDA:537,49,1,0
BRF:104
BRH:0
end_of_record
TN:
SF:components/ui/ActionMenu.tsx
FN:20,ActionMenu
FN:25,(anonymous_1)
FN:35,(anonymous_2)
FN:49,(anonymous_3)
FN:53,(anonymous_4)
FN:58,(anonymous_5)
FN:107,(anonymous_6)
FN:110,(anonymous_7)
FNF:8
FNH:0
FNDA:0,ActionMenu
FNDA:0,(anonymous_1)
FNDA:0,(anonymous_2)
FNDA:0,(anonymous_3)
FNDA:0,(anonymous_4)
FNDA:0,(anonymous_5)
FNDA:0,(anonymous_6)
FNDA:0,(anonymous_7)
DA:21,0
DA:22,0
DA:23,0
DA:25,0
DA:26,0
DA:29,0
DA:31,0
DA:34,0
DA:43,0
DA:44,0
DA:49,0
DA:50,0
DA:53,0
DA:54,0
DA:56,0
DA:58,0
DA:59,0
DA:63,0
DA:108,0
DA:110,0
LF:20
LH:0
BRDA:20,0,0,0
BRDA:26,1,0,0
BRDA:26,1,1,0
BRDA:54,2,0,0
BRDA:54,2,1,0
BRDA:70,3,0,0
BRDA:70,3,1,0
BRDA:119,4,0,0
BRDA:119,4,1,0
BRDA:120,5,0,0
BRDA:120,5,1,0
BRDA:130,6,0,0
BRDA:130,6,1,0
BRDA:140,7,0,0
BRDA:140,7,1,0
BRF:15
BRH:0
end_of_record
TN:
SF:components/ui/Button.tsx
FN:28,Button
FN:44,(anonymous_1)
FN:104,(anonymous_2)
FN:143,(anonymous_3)
FN:154,(anonymous_4)
FN:168,(anonymous_5)
FNF:6
FNH:0
FNDA:0,Button
FNDA:0,(anonymous_1)
FNDA:0,(anonymous_2)
FNDA:0,(anonymous_3)
FNDA:0,(anonymous_4)
FNDA:0,(anonymous_5)
DA:41,0
DA:42,0
DA:44,0
DA:45,0
DA:48,0
DA:50,0
DA:51,0
DA:53,0
DA:54,0
DA:56,0
DA:60,0
DA:62,0
DA:67,0
DA:69,0
DA:74,0
DA:76,0
DA:79,0
DA:81,0
DA:87,0
DA:88,0
DA:92,0
DA:93,0
DA:97,0
DA:98,0
DA:101,0
DA:104,0
DA:105,0
DA:108,0
DA:110,0
DA:111,0
DA:113,0
DA:114,0
DA:116,0
DA:120,0
DA:122,0
DA:123,0
DA:125,0
DA:126,0
DA:128,0
DA:129,0
DA:132,0
DA:136,0
DA:137,0
DA:140,0
DA:143,0
DA:144,0
DA:146,0
DA:148,0
DA:150,0
DA:154,0
DA:155,0
DA:157,0
DA:159,0
DA:161,0
DA:164,0
DA:168,0
DA:169,0
DA:170,0
DA:182,0
DA:190,0
DA:192,0
DA:193,0
DA:196,0
DA:209,0
DA:221,0
LF:65
LH:0
BRDA:31,0,0,0
BRDA:32,1,0,0
BRDA:33,2,0,0
BRDA:34,3,0,0
BRDA:36,4,0,0
BRDA:39,5,0,0
BRDA:42,6,0,0
BRDA:42,6,1,0
BRDA:48,7,0,0
BRDA:48,7,1,0
BRDA:48,7,2,0
BRDA:60,8,0,0
BRDA:60,8,1,0
BRDA:60,8,2,0
BRDA:60,8,3,0
BRDA:87,9,0,0
BRDA:87,9,1,0
BRDA:92,10,0,0
BRDA:92,10,1,0
BRDA:92,11,0,0
BRDA:92,11,1,0
BRDA:97,12,0,0
BRDA:97,12,1,0
BRDA:108,13,0,0
BRDA:108,13,1,0
BRDA:108,13,2,0
BRDA:120,14,0,0
BRDA:120,14,1,0
BRDA:120,14,2,0
BRDA:120,14,3,0
BRDA:136,15,0,0
BRDA:136,15,1,0
BRDA:144,16,0,0
BRDA:144,16,1,0
BRDA:144,16,2,0
BRDA:155,17,0,0
BRDA:155,17,1,0
BRDA:155,17,2,0
BRDA:155,17,3,0
BRDA:169,18,0,0
BRDA:169,18,1,0
BRDA:173,19,0,0
BRDA:173,19,1,0
BRDA:173,20,0,0
BRDA:173,20,1,0
BRDA:182,21,0,0
BRDA:182,21,1,0
BRDA:192,22,0,0
BRDA:192,22,1,0
BRDA:196,23,0,0
BRDA:196,23,1,0
BRDA:213,24,0,0
BRDA:213,24,1,0
BRF:53
BRH:0
end_of_record
TN:
SF:components/ui/Card.tsx
FN:26,Card
FN:37,(anonymous_1)
FN:119,CardHeader
FN:130,CardContent
FN:141,CardFooter
FNF:5
FNH:0
FNDA:0,Card
FNDA:0,(anonymous_1)
FNDA:0,CardHeader
FNDA:0,CardContent
FNDA:0,CardFooter
DA:34,0
DA:35,0
DA:37,0
DA:38,0
DA:41,0
DA:43,0
DA:52,0
DA:54,0
DA:59,0
DA:61,0
DA:66,0
DA:68,0
DA:76,0
DA:78,0
DA:80,0
DA:81,0
DA:83,0
DA:84,0
DA:86,0
DA:90,0
DA:91,0
DA:95,0
DA:96,0
DA:99,0
DA:102,0
DA:103,0
DA:115,0
DA:126,0
DA:137,0
DA:148,0
DA:149,0
DA:151,0
DA:160,0
LF:33
LH:0
BRDA:29,0,0,0
BRDA:30,1,0,0
BRDA:32,2,0,0
BRDA:35,3,0,0
BRDA:35,3,1,0
BRDA:41,4,0,0
BRDA:41,4,1,0
BRDA:41,4,2,0
BRDA:41,4,3,0
BRDA:76,5,0,0
BRDA:76,5,1,0
BRDA:76,5,2,0
BRDA:76,5,3,0
BRDA:90,6,0,0
BRDA:90,6,1,0
BRDA:95,7,0,0
BRDA:95,7,1,0
BRDA:102,8,0,0
BRDA:102,8,1,0
BRDA:149,9,0,0
BRDA:149,9,1,0
BRF:21
BRH:0
end_of_record
TN:
SF:components/ui/DatePicker.tsx
FN:26,DatePicker
FN:42,(anonymous_1)
FN:58,(anonymous_2)
FN:63,(anonymous_3)
FN:68,(anonymous_4)
FN:168,(anonymous_5)
FN:181,(anonymous_6)
FN:186,(anonymous_7)
FN:190,(anonymous_8)
FN:197,(anonymous_9)
FNF:10
FNH:6
FNDA:25,DatePicker
FNDA:18,(anonymous_1)
FNDA:2,(anonymous_2)
FNDA:9,(anonymous_3)
FNDA:2,(anonymous_4)
FNDA:3,(anonymous_5)
FNDA:0,(anonymous_6)
FNDA:0,(anonymous_7)
FNDA:0,(anonymous_8)
FNDA:0,(anonymous_9)
DA:34,25
DA:35,25
DA:36,25
DA:37,25
DA:40,25
DA:42,25
DA:43,18
DA:46,18
DA:48,2
DA:49,2
DA:50,16
DA:52,16
DA:55,0
DA:58,25
DA:60,2
DA:63,25
DA:65,9
DA:68,25
DA:69,2
DA:70,2
DA:71,2
DA:72,2
DA:73,2
DA:77,25
DA:78,25
DA:82,25
DA:160,25
DA:168,3
DA:181,0
DA:186,0
DA:190,0
DA:197,0
LF:32
LH:27
BRDA:30,0,0,0
BRDA:31,1,0,0
BRDA:36,2,0,25
BRDA:36,2,1,0
BRDA:43,3,0,0
BRDA:43,3,1,18
BRDA:46,4,0,2
BRDA:46,4,1,16
BRDA:50,5,0,16
BRDA:50,5,1,0
BRDA:70,6,0,2
BRDA:70,6,1,0
BRDA:77,7,0,9
BRDA:77,7,1,16
BRDA:78,8,0,9
BRDA:78,8,1,16
BRDA:84,9,0,0
BRDA:84,9,1,25
BRDA:87,10,0,0
BRDA:87,10,1,25
BRDA:90,11,0,0
BRDA:90,11,1,25
BRDA:100,12,0,0
BRDA:100,12,1,25
BRDA:101,13,0,0
BRDA:101,13,1,25
BRDA:105,14,0,0
BRDA:105,14,1,25
BRDA:108,15,0,0
BRDA:108,15,1,25
BRDA:109,16,0,9
BRDA:109,16,1,16
BRDA:113,17,0,0
BRDA:113,17,1,25
BRDA:125,18,0,0
BRDA:125,18,1,25
BRDA:147,19,0,0
BRDA:147,19,1,25
BRDA:163,20,0,25
BRDA:163,20,1,1
BRF:40
BRH:24
end_of_record
TN:
SF:components/ui/FloatingActionButton.tsx
FN:16,FloatingActionButton
FN:34,(anonymous_1)
FNF:2
FNH:0
FNDA:0,FloatingActionButton
FNDA:0,(anonymous_1)
DA:21,0
DA:23,0
DA:34,0
LF:3
LH:0
BRDA:19,0,0,0
BRF:1
BRH:0
end_of_record
TN:
SF:components/ui/GroupSelector.tsx
FN:27,(anonymous_0)
FN:42,(anonymous_1)
FN:46,(anonymous_2)
FN:61,(anonymous_3)
FN:67,(anonymous_4)
FN:83,(anonymous_5)
FN:89,(anonymous_6)
FN:97,(anonymous_7)
FN:99,(anonymous_8)
FN:100,(anonymous_9)
FN:280,(anonymous_10)
FN:313,(anonymous_11)
FN:321,(anonymous_12)
FN:367,(anonymous_13)
FN:374,(anonymous_14)
FN:427,(anonymous_15)
FN:487,(anonymous_16)
FNF:17
FNH:0
FNDA:0,(anonymous_0)
FNDA:0,(anonymous_1)
FNDA:0,(anonymous_2)
FNDA:0,(anonymous_3)
FNDA:0,(anonymous_4)
FNDA:0,(anonymous_5)
FNDA:0,(anonymous_6)
FNDA:0,(anonymous_7)
FNDA:0,(anonymous_8)
FNDA:0,(anonymous_9)
FNDA:0,(anonymous_10)
FNDA:0,(anonymous_11)
FNDA:0,(anonymous_12)
FNDA:0,(anonymous_13)
FNDA:0,(anonymous_14)
FNDA:0,(anonymous_15)
FNDA:0,(anonymous_16)
DA:27,0
DA:36,0
DA:37,0
DA:38,0
DA:39,0
DA:40,0
DA:42,0
DA:43,0
DA:46,0
DA:47,0
DA:48,0
DA:49,0
DA:50,0
DA:52,0
DA:55,0
DA:57,0
DA:61,0
DA:62,0
DA:65,0
DA:67,0
DA:70,0
DA:71,0
DA:75,0
DA:77,0
DA:80,0
DA:83,0
DA:84,0
DA:86,0
DA:89,0
DA:90,0
DA:93,0
DA:97,0
DA:98,0
DA:99,0
DA:100,0
DA:103,0
DA:263,0
DA:265,0
DA:271,0
DA:280,0
DA:313,0
DA:321,0
DA:368,0
DA:370,0
DA:374,0
DA:427,0
DA:433,0
DA:434,0
DA:436,0
DA:484,0
DA:487,0
LF:51
LH:0
BRDA:30,0,0,0
BRDA:31,1,0,0
BRDA:32,2,0,0
BRDA:40,3,0,0
BRDA:40,3,1,0
BRDA:49,4,0,0
BRDA:49,4,1,0
BRDA:52,5,0,0
BRDA:52,5,1,0
BRDA:65,6,0,0
BRDA:65,6,1,0
BRDA:70,7,0,0
BRDA:70,7,1,0
BRDA:70,8,0,0
BRDA:70,8,1,0
BRDA:73,9,0,0
BRDA:73,9,1,0
BRDA:84,10,0,0
BRDA:84,10,1,0
BRDA:90,11,0,0
BRDA:90,11,1,0
BRDA:265,12,0,0
BRDA:265,12,1,0
BRDA:266,13,0,0
BRDA:266,13,1,0
BRDA:279,14,0,0
BRDA:279,14,1,0
BRDA:280,15,0,0
BRDA:280,15,1,0
BRDA:287,16,0,0
BRDA:287,16,1,0
BRDA:293,17,0,0
BRDA:293,17,1,0
BRDA:327,18,0,0
BRDA:327,18,1,0
BRDA:335,19,0,0
BRDA:335,19,1,0
BRDA:339,20,0,0
BRDA:339,20,1,0
BRDA:349,21,0,0
BRDA:349,21,1,0
BRDA:360,22,0,0
BRDA:360,22,1,0
BRDA:362,23,0,0
BRDA:362,23,1,0
BRDA:379,24,0,0
BRDA:379,24,1,0
BRDA:382,25,0,0
BRDA:382,25,1,0
BRDA:394,26,0,0
BRDA:394,26,1,0
BRDA:404,27,0,0
BRDA:404,27,1,0
BRDA:431,28,0,0
BRDA:434,29,0,0
BRDA:434,29,1,0
BRDA:446,30,0,0
BRDA:446,30,1,0
BRDA:466,31,0,0
BRDA:466,31,1,0
BRDA:475,32,0,0
BRDA:475,32,1,0
BRDA:486,33,0,0
BRDA:486,33,1,0
BRDA:487,34,0,0
BRDA:487,34,1,0
BRDA:493,35,0,0
BRDA:493,35,1,0
BRDA:494,36,0,0
BRDA:494,36,1,0
BRDA:495,37,0,0
BRDA:495,37,1,0
BRF:72
BRH:0
end_of_record
TN:
SF:components/ui/ImageCropModal.tsx
FN:70,(anonymous_0)
FN:98,(anonymous_1)
FN:121,(anonymous_2)
FN:126,(anonymous_3)
FN:130,(anonymous_4)
FN:148,(anonymous_5)
FN:166,(anonymous_6)
FN:169,(anonymous_7)
FN:249,(anonymous_8)
FN:286,(anonymous_9)
FN:290,(anonymous_10)
FN:302,(anonymous_11)
FN:310,(anonymous_12)
FN:415,(anonymous_13)
FN:420,(anonymous_14)
FN:427,(anonymous_15)
FN:442,(anonymous_16)
FN:468,(anonymous_17)
FN:489,(anonymous_18)
FN:500,(anonymous_19)
FN:591,(anonymous_20)
FN:597,(anonymous_21)
FN:603,(anonymous_22)
FN:605,(anonymous_23)
FN:607,(anonymous_24)
FN:610,(anonymous_25)
FN:614,(anonymous_26)
FN:618,(anonymous_27)
FN:620,(anonymous_28)
FN:665,(anonymous_29)
FN:667,(anonymous_30)
FN:691,(anonymous_31)
FN:692,(anonymous_32)
FN:695,(anonymous_33)
FN:714,(anonymous_34)
FN:801,(anonymous_35)
FN:813,(anonymous_36)
FN:838,(anonymous_37)
FN:841,(anonymous_38)
FNF:39
FNH:0
FNDA:0,(anonymous_0)
FNDA:0,(anonymous_1)
FNDA:0,(anonymous_2)
FNDA:0,(anonymous_3)
FNDA:0,(anonymous_4)
FNDA:0,(anonymous_5)
FNDA:0,(anonymous_6)
FNDA:0,(anonymous_7)
FNDA:0,(anonymous_8)
FNDA:0,(anonymous_9)
FNDA:0,(anonymous_10)
FNDA:0,(anonymous_11)
FNDA:0,(anonymous_12)
FNDA:0,(anonymous_13)
FNDA:0,(anonymous_14)
FNDA:0,(anonymous_15)
FNDA:0,(anonymous_16)
FNDA:0,(anonymous_17)
FNDA:0,(anonymous_18)
FNDA:0,(anonymous_19)
FNDA:0,(anonymous_20)
FNDA:0,(anonymous_21)
FNDA:0,(anonymous_22)
FNDA:0,(anonymous_23)
FNDA:0,(anonymous_24)
FNDA:0,(anonymous_25)
FNDA:0,(anonymous_26)
FNDA:0,(anonymous_27)
FNDA:0,(anonymous_28)
FNDA:0,(anonymous_29)
FNDA:0,(anonymous_30)
FNDA:0,(anonymous_31)
FNDA:0,(anonymous_32)
FNDA:0,(anonymous_33)
FNDA:0,(anonymous_34)
FNDA:0,(anonymous_35)
FNDA:0,(anonymous_36)
FNDA:0,(anonymous_37)
FNDA:0,(anonymous_38)
DA:16,0
DA:17,0
DA:18,0
DA:19,0
DA:20,0
DA:23,0
DA:24,0
DA:25,0
DA:27,0
DA:29,0
DA:36,0
DA:37,0
DA:38,0
DA:40,0
DA:41,0
DA:43,0
DA:70,0
DA:74,0
DA:75,0
DA:77,0
DA:78,0
DA:79,0
DA:80,0
DA:87,0
DA:88,0
DA:89,0
DA:98,0
DA:103,0
DA:104,0
DA:105,0
DA:107,0
DA:108,0
DA:109,0
DA:112,0
DA:121,0
DA:125,0
DA:126,0
DA:127,0
DA:128,0
DA:129,0
DA:130,0
DA:131,0
DA:148,0
DA:158,0
DA:159,0
DA:160,0
DA:163,0
DA:166,0
DA:167,0
DA:169,0
DA:170,0
DA:172,0
DA:173,0
DA:190,0
DA:191,0
DA:192,0
DA:193,0
DA:197,0
DA:198,0
DA:201,0
DA:202,0
DA:203,0
DA:205,0
DA:209,0
DA:213,0
DA:214,0
DA:217,0
DA:249,0
DA:262,0
DA:263,0
DA:264,0
DA:265,0
DA:266,0
DA:267,0
DA:274,0
DA:280,0
DA:281,0
DA:282,0
DA:283,0
DA:286,0
DA:287,0
DA:288,0
DA:289,0
DA:290,0
DA:291,0
DA:292,0
DA:294,0
DA:295,0
DA:300,0
DA:302,0
DA:303,0
DA:305,0
DA:310,0
DA:311,0
DA:312,0
DA:313,0
DA:315,0
DA:316,0
DA:319,0
DA:320,0
DA:323,0
DA:326,0
DA:329,0
DA:330,0
DA:331,0
DA:332,0
DA:336,0
DA:337,0
DA:340,0
DA:341,0
DA:344,0
DA:345,0
DA:346,0
DA:347,0
DA:348,0
DA:352,0
DA:353,0
DA:354,0
DA:357,0
DA:358,0
DA:361,0
DA:362,0
DA:363,0
DA:366,0
DA:367,0
DA:368,0
DA:369,0
DA:370,0
DA:371,0
DA:372,0
DA:373,0
DA:374,0
DA:375,0
DA:376,0
DA:377,0
DA:378,0
DA:379,0
DA:382,0
DA:383,0
DA:385,0
DA:392,0
DA:399,0
DA:406,0
DA:415,0
DA:416,0
DA:417,0
DA:418,0
DA:420,0
DA:421,0
DA:426,0
DA:428,0
DA:429,0
DA:430,0
DA:431,0
DA:432,0
DA:433,0
DA:441,0
DA:443,0
DA:445,0
DA:446,0
DA:447,0
DA:451,0
DA:452,0
DA:456,0
DA:457,0
DA:461,0
DA:462,0
DA:467,0
DA:469,0
DA:470,0
DA:472,0
DA:473,0
DA:474,0
DA:475,0
DA:481,0
DA:482,0
DA:488,0
DA:490,0
DA:492,0
DA:493,0
DA:494,0
DA:497,0
DA:498,0
DA:500,0
DA:501,0
DA:502,0
DA:504,0
DA:506,0
DA:510,0
DA:514,0
DA:515,0
DA:516,0
DA:518,0
DA:522,0
DA:523,0
DA:524,0
DA:526,0
DA:530,0
DA:531,0
DA:532,0
DA:534,0
DA:535,0
DA:536,0
DA:540,0
DA:541,0
DA:542,0
DA:544,0
DA:549,0
DA:550,0
DA:551,0
DA:552,0
DA:554,0
DA:555,0
DA:558,0
DA:559,0
DA:560,0
DA:561,0
DA:562,0
DA:563,0
DA:564,0
DA:565,0
DA:571,0
DA:573,0
DA:590,0
DA:592,0
DA:597,0
DA:598,0
DA:599,0
DA:603,0
DA:604,0
DA:605,0
DA:606,0
DA:607,0
DA:610,0
DA:611,0
DA:612,0
DA:614,0
DA:615,0
DA:616,0
DA:618,0
DA:620,0
DA:621,0
DA:623,0
DA:624,0
DA:625,0
DA:628,0
DA:629,0
DA:631,0
DA:632,0
DA:633,0
DA:634,0
DA:637,0
DA:638,0
DA:639,0
DA:640,0
DA:642,0
DA:645,0
DA:646,0
DA:647,0
DA:648,0
DA:652,0
DA:665,0
DA:666,0
DA:668,0
DA:669,0
DA:676,0
DA:680,0
DA:681,0
DA:684,0
DA:685,0
DA:687,0
DA:691,0
DA:692,0
DA:695,0
DA:696,0
DA:697,0
DA:702,0
DA:703,0
DA:704,0
DA:709,0
DA:714,0
DA:715,0
DA:716,0
DA:717,0
DA:718,0
DA:719,0
DA:723,0
DA:726,0
DA:801,0
DA:813,0
DA:839,0
DA:841,0
DA:929,0
DA:934,0
DA:937,0
DA:949,0
LF:296
LH:0
BRDA:24,0,0,0
BRDA:24,0,1,0
BRDA:37,1,0,0
BRDA:37,1,1,0
BRDA:77,2,0,0
BRDA:77,2,1,0
BRDA:105,3,0,0
BRDA:105,3,1,0
BRDA:107,4,0,0
BRDA:107,4,1,0
BRDA:109,5,0,0
BRDA:109,5,1,0
BRDA:127,6,0,0
BRDA:127,6,1,0
BRDA:154,7,0,0
BRDA:155,8,0,0
BRDA:156,9,0,0
BRDA:160,10,0,0
BRDA:160,10,1,0
BRDA:163,11,0,0
BRDA:163,11,1,0
BRDA:163,11,2,0
BRDA:167,12,0,0
BRDA:167,12,1,0
BRDA:172,13,0,0
BRDA:172,13,1,0
BRDA:175,14,0,0
BRDA:175,14,1,0
BRDA:176,15,0,0
BRDA:176,15,1,0
BRDA:194,16,0,0
BRDA:194,16,1,0
BRDA:201,17,0,0
BRDA:201,17,1,0
BRDA:202,18,0,0
BRDA:202,18,1,0
BRDA:203,19,0,0
BRDA:203,19,1,0
BRDA:213,20,0,0
BRDA:213,20,1,0
BRDA:268,21,0,0
BRDA:268,21,1,0
BRDA:268,22,0,0
BRDA:268,22,1,0
BRDA:287,23,0,0
BRDA:287,23,1,0
BRDA:287,24,0,0
BRDA:287,24,1,0
BRDA:287,24,2,0
BRDA:313,25,0,0
BRDA:313,25,1,0
BRDA:313,26,0,0
BRDA:313,26,1,0
BRDA:313,26,2,0
BRDA:329,27,0,0
BRDA:329,27,1,0
BRDA:345,28,0,0
BRDA:345,28,1,0
BRDA:416,29,0,0
BRDA:416,29,1,0
BRDA:417,30,0,0
BRDA:417,30,1,0
BRDA:421,31,0,0
BRDA:421,31,1,0
BRDA:429,32,0,0
BRDA:429,32,1,0
BRDA:445,33,0,0
BRDA:445,33,1,0
BRDA:445,34,0,0
BRDA:445,34,1,0
BRDA:447,35,0,0
BRDA:447,35,1,0
BRDA:448,36,0,0
BRDA:448,36,1,0
BRDA:452,37,0,0
BRDA:452,37,1,0
BRDA:453,38,0,0
BRDA:453,38,1,0
BRDA:457,39,0,0
BRDA:457,39,1,0
BRDA:458,40,0,0
BRDA:458,40,1,0
BRDA:472,41,0,0
BRDA:472,41,1,0
BRDA:475,42,0,0
BRDA:475,42,1,0
BRDA:476,43,0,0
BRDA:476,43,1,0
BRDA:476,43,2,0
BRDA:476,43,3,0
BRDA:492,44,0,0
BRDA:492,44,1,0
BRDA:501,45,0,0
BRDA:501,45,1,0
BRDA:504,46,0,0
BRDA:504,46,1,0
BRDA:504,46,2,0
BRDA:504,46,3,0
BRDA:540,47,0,0
BRDA:540,47,1,0
BRDA:541,48,0,0
BRDA:541,48,1,0
BRDA:541,49,0,0
BRDA:541,49,1,0
BRDA:560,50,0,0
BRDA:560,50,1,0
BRDA:561,51,0,0
BRDA:561,51,1,0
BRDA:561,52,0,0
BRDA:561,52,1,0
BRDA:563,53,0,0
BRDA:563,53,1,0
BRDA:563,54,0,0
BRDA:563,54,1,0
BRDA:565,55,0,0
BRDA:565,55,1,0
BRDA:566,56,0,0
BRDA:566,56,1,0
BRDA:566,56,2,0
BRDA:566,56,3,0
BRDA:612,57,0,0
BRDA:612,57,1,0
BRDA:616,58,0,0
BRDA:616,58,1,0
BRDA:621,59,0,0
BRDA:621,59,1,0
BRDA:621,60,0,0
BRDA:621,60,1,0
BRDA:642,61,0,0
BRDA:642,61,1,0
BRDA:645,62,0,0
BRDA:645,62,1,0
BRDA:668,63,0,0
BRDA:668,63,1,0
BRDA:684,64,0,0
BRDA:684,64,1,0
BRDA:698,65,0,0
BRDA:698,65,1,0
BRDA:698,66,0,0
BRDA:698,66,1,0
BRDA:702,67,0,0
BRDA:702,67,1,0
BRDA:707,68,0,0
BRDA:707,68,1,0
BRDA:715,69,0,0
BRDA:715,69,1,0
BRDA:723,70,0,0
BRDA:723,70,1,0
BRDA:726,71,0,0
BRDA:726,71,1,0
BRDA:744,72,0,0
BRDA:744,72,1,0
BRDA:760,73,0,0
BRDA:760,73,1,0
BRDA:778,74,0,0
BRDA:778,74,1,0
BRDA:806,75,0,0
BRDA:806,75,1,0
BRDA:818,76,0,0
BRDA:818,76,1,0
BRDA:846,77,0,0
BRDA:846,77,1,0
BRDA:846,78,0,0
BRDA:846,78,1,0
BRDA:846,78,2,0
BRDA:846,78,3,0
BRDA:846,78,4,0
BRDA:861,79,0,0
BRDA:861,79,1,0
BRDA:861,80,0,0
BRDA:861,80,1,0
BRDA:861,80,2,0
BRDA:861,80,3,0
BRDA:861,80,4,0
BRDA:887,81,0,0
BRDA:887,81,1,0
BRDA:902,82,0,0
BRDA:902,82,1,0
BRDA:912,83,0,0
BRDA:912,83,1,0
BRDA:917,84,0,0
BRDA:917,84,1,0
BRDA:917,84,2,0
BRDA:921,85,0,0
BRDA:921,85,1,0
BRDA:929,86,0,0
BRDA:929,86,1,0
BRDA:930,87,0,0
BRDA:930,87,1,0
BRDA:930,87,2,0
BRDA:958,88,0,0
BRDA:958,88,1,0
BRF:192
BRH:0
end_of_record
TN:
SF:components/ui/ImagePicker.tsx
FN:33,ImagePicker
FN:56,(anonymous_1)
FN:74,(anonymous_2)
FN:108,(anonymous_3)
FN:133,(anonymous_4)
FN:147,(anonymous_5)
FN:161,(anonymous_6)
FN:169,(anonymous_7)
FN:177,(anonymous_8)
FN:182,(anonymous_9)
FN:189,(anonymous_10)
FN:290,(anonymous_11)
FNF:12
FNH:0
FNDA:0,ImagePicker
FNDA:0,(anonymous_1)
FNDA:0,(anonymous_2)
FNDA:0,(anonymous_3)
FNDA:0,(anonymous_4)
FNDA:0,(anonymous_5)
FNDA:0,(anonymous_6)
FNDA:0,(anonymous_7)
FNDA:0,(anonymous_8)
FNDA:0,(anonymous_9)
FNDA:0,(anonymous_10)
FNDA:0,(anonymous_11)
DA:47,0
DA:48,0
DA:49,0
DA:50,0
DA:51,0
DA:54,0
DA:56,0
DA:57,0
DA:59,0
DA:61,0
DA:63,0
DA:64,0
DA:68,0
DA:71,0
DA:74,0
DA:75,0
DA:76,0
DA:78,0
DA:79,0
DA:80,0
DA:82,0
DA:83,0
DA:84,0
DA:88,0
DA:95,0
DA:96,0
DA:98,0
DA:101,0
DA:102,0
DA:104,0
DA:108,0
DA:109,0
DA:110,0
DA:112,0
DA:113,0
DA:114,0
DA:120,0
DA:121,0
DA:123,0
DA:126,0
DA:127,0
DA:129,0
DA:133,0
DA:134,0
DA:136,0
DA:139,0
DA:147,0
DA:148,0
DA:150,0
DA:153,0
DA:161,0
DA:169,0
DA:171,0
DA:172,0
DA:173,0
DA:174,0
DA:177,0
DA:178,0
DA:179,0
DA:182,0
DA:183,0
DA:184,0
DA:185,0
DA:189,0
DA:190,0
DA:191,0
DA:192,0
DA:194,0
DA:195,0
DA:196,0
DA:199,0
DA:200,0
DA:204,0
DA:207,0
DA:276,0
DA:291,0
DA:292,0
LF:77
LH:0
BRDA:36,0,0,0
BRDA:37,1,0,0
BRDA:38,2,0,0
BRDA:39,3,0,0
BRDA:40,4,0,0
BRDA:42,5,0,0
BRDA:43,6,0,0
BRDA:44,7,0,0
BRDA:45,8,0,0
BRDA:51,9,0,0
BRDA:51,9,1,0
BRDA:57,10,0,0
BRDA:57,10,1,0
BRDA:63,11,0,0
BRDA:63,11,1,0
BRDA:63,12,0,0
BRDA:63,12,1,0
BRDA:76,13,0,0
BRDA:76,13,1,0
BRDA:76,14,0,0
BRDA:76,14,1,0
BRDA:80,15,0,0
BRDA:80,15,1,0
BRDA:95,16,0,0
BRDA:95,16,1,0
BRDA:95,17,0,0
BRDA:95,17,1,0
BRDA:110,18,0,0
BRDA:110,18,1,0
BRDA:120,19,0,0
BRDA:120,19,1,0
BRDA:120,20,0,0
BRDA:120,20,1,0
BRDA:134,21,0,0
BRDA:134,21,1,0
BRDA:148,22,0,0
BRDA:148,22,1,0
BRDA:191,23,0,0
BRDA:191,23,1,0
BRDA:192,24,0,0
BRDA:192,24,1,0
BRDA:282,25,0,0
BRDA:282,25,1,0
BRDA:285,26,0,0
BRDA:285,26,1,0
BRDA:297,27,0,0
BRDA:297,27,1,0
BRDA:310,28,0,0
BRDA:310,28,1,0
BRDA:311,29,0,0
BRDA:311,29,1,0
BRDA:316,30,0,0
BRDA:316,30,1,0
BRDA:325,31,0,0
BRDA:325,31,1,0
BRDA:336,32,0,0
BRDA:336,32,1,0
BRDA:336,32,2,0
BRF:58
BRH:0
end_of_record
TN:
SF:components/ui/ImageUpload.tsx
FN:34,(anonymous_0)
FN:55,(anonymous_1)
FN:64,(anonymous_2)
FN:65,(anonymous_3)
FN:71,(anonymous_4)
FN:81,(anonymous_5)
FN:108,(anonymous_6)
FN:139,(anonymous_7)
FN:245,(anonymous_8)
FN:261,(anonymous_9)
FN:269,(anonymous_10)
FN:285,(anonymous_11)
FN:373,(anonymous_12)
FN:379,(anonymous_13)
FN:409,(anonymous_14)
FN:427,(anonymous_15)
FN:598,(anonymous_16)
FN:608,(anonymous_17)
FN:612,(anonymous_18)
FN:659,(anonymous_19)
FN:681,(anonymous_20)
FN:687,(anonymous_21)
FNF:22
FNH:0
FNDA:0,(anonymous_0)
FNDA:0,(anonymous_1)
FNDA:0,(anonymous_2)
FNDA:0,(anonymous_3)
FNDA:0,(anonymous_4)
FNDA:0,(anonymous_5)
FNDA:0,(anonymous_6)
FNDA:0,(anonymous_7)
FNDA:0,(anonymous_8)
FNDA:0,(anonymous_9)
FNDA:0,(anonymous_10)
FNDA:0,(anonymous_11)
FNDA:0,(anonymous_12)
FNDA:0,(anonymous_13)
FNDA:0,(anonymous_14)
FNDA:0,(anonymous_15)
FNDA:0,(anonymous_16)
FNDA:0,(anonymous_17)
FNDA:0,(anonymous_18)
FNDA:0,(anonymous_19)
FNDA:0,(anonymous_20)
FNDA:0,(anonymous_21)
DA:34,0
DA:47,0
DA:48,0
DA:49,0
DA:50,0
DA:51,0
DA:52,0
DA:53,0
DA:55,0
DA:56,0
DA:58,0
DA:60,0
DA:63,0
DA:64,0
DA:65,0
DA:71,0
DA:72,0
DA:73,0
DA:75,0
DA:76,0
DA:77,0
DA:81,0
DA:82,0
DA:84,0
DA:85,0
DA:86,0
DA:90,0
DA:93,0
DA:100,0
DA:101,0
DA:104,0
DA:108,0
DA:109,0
DA:112,0
DA:113,0
DA:114,0
DA:118,0
DA:121,0
DA:128,0
DA:129,0
DA:132,0
DA:139,0
DA:140,0
DA:141,0
DA:142,0
DA:144,0
DA:146,0
DA:147,0
DA:148,0
DA:149,0
DA:152,0
DA:153,0
DA:154,0
DA:155,0
DA:156,0
DA:157,0
DA:161,0
DA:162,0
DA:164,0
DA:165,0
DA:167,0
DA:174,0
DA:175,0
DA:176,0
DA:177,0
DA:180,0
DA:187,0
DA:188,0
DA:193,0
DA:194,0
DA:196,0
DA:197,0
DA:199,0
DA:206,0
DA:207,0
DA:208,0
DA:209,0
DA:212,0
DA:219,0
DA:220,0
DA:224,0
DA:225,0
DA:226,0
DA:228,0
DA:245,0
DA:246,0
DA:247,0
DA:253,0
DA:254,0
DA:255,0
DA:256,0
DA:258,0
DA:261,0
DA:262,0
DA:263,0
DA:264,0
DA:265,0
DA:269,0
DA:270,0
DA:271,0
DA:272,0
DA:273,0
DA:275,0
DA:276,0
DA:279,0
DA:285,0
DA:286,0
DA:287,0
DA:295,0
DA:296,0
DA:297,0
DA:298,0
DA:299,0
DA:300,0
DA:303,0
DA:306,0
DA:307,0
DA:308,0
DA:309,0
DA:310,0
DA:315,0
DA:317,0
DA:322,0
DA:323,0
DA:324,0
DA:327,0
DA:328,0
DA:329,0
DA:331,0
DA:332,0
DA:334,0
DA:335,0
DA:342,0
DA:344,0
DA:345,0
DA:346,0
DA:347,0
DA:348,0
DA:351,0
DA:358,0
DA:359,0
DA:360,0
DA:363,0
DA:364,0
DA:365,0
DA:366,0
DA:368,0
DA:369,0
DA:373,0
DA:374,0
DA:380,0
DA:381,0
DA:383,0
DA:384,0
DA:385,0
DA:386,0
DA:388,0
DA:389,0
DA:390,0
DA:394,0
DA:400,0
DA:402,0
DA:409,0
DA:411,0
DA:412,0
DA:415,0
DA:417,0
DA:419,0
DA:421,0
DA:423,0
DA:427,0
DA:428,0
DA:430,0
DA:432,0
DA:434,0
DA:436,0
DA:438,0
DA:442,0
DA:443,0
DA:445,0
DA:514,0
DA:598,0
DA:605,0
DA:606,0
DA:608,0
DA:609,0
DA:612,0
DA:613,0
DA:616,0
DA:643,0
DA:660,0
DA:682,0
DA:689,0
DA:690,0
DA:691,0
DA:693,0
LF:196
LH:0
BRDA:40,0,0,0
BRDA:41,1,0,0
BRDA:44,2,0,0
BRDA:45,3,0,0
BRDA:53,4,0,0
BRDA:53,4,1,0
BRDA:56,5,0,0
BRDA:56,5,1,0
BRDA:56,6,0,0
BRDA:56,6,1,0
BRDA:58,7,0,0
BRDA:58,7,1,0
BRDA:73,8,0,0
BRDA:73,8,1,0
BRDA:85,9,0,0
BRDA:85,9,1,0
BRDA:96,10,0,0
BRDA:96,10,1,0
BRDA:100,11,0,0
BRDA:100,11,1,0
BRDA:100,12,0,0
BRDA:100,12,1,0
BRDA:104,13,0,0
BRDA:104,13,1,0
BRDA:113,14,0,0
BRDA:113,14,1,0
BRDA:124,15,0,0
BRDA:124,15,1,0
BRDA:128,16,0,0
BRDA:128,16,1,0
BRDA:128,17,0,0
BRDA:128,17,1,0
BRDA:134,18,0,0
BRDA:134,18,1,0
BRDA:144,19,0,0
BRDA:144,19,1,0
BRDA:153,20,0,0
BRDA:153,20,1,0
BRDA:161,21,0,0
BRDA:161,21,1,0
BRDA:164,22,0,0
BRDA:164,22,1,0
BRDA:170,23,0,0
BRDA:170,23,1,0
BRDA:174,24,0,0
BRDA:174,24,1,0
BRDA:180,25,0,0
BRDA:180,25,1,0
BRDA:181,26,0,0
BRDA:181,26,1,0
BRDA:184,27,0,0
BRDA:184,27,1,0
BRDA:193,28,0,0
BRDA:193,28,1,0
BRDA:196,29,0,0
BRDA:196,29,1,0
BRDA:202,30,0,0
BRDA:202,30,1,0
BRDA:206,31,0,0
BRDA:206,31,1,0
BRDA:212,32,0,0
BRDA:212,32,1,0
BRDA:213,33,0,0
BRDA:213,33,1,0
BRDA:216,34,0,0
BRDA:216,34,1,0
BRDA:254,35,0,0
BRDA:254,35,1,0
BRDA:263,36,0,0
BRDA:263,36,1,0
BRDA:271,37,0,0
BRDA:271,37,1,0
BRDA:281,38,0,0
BRDA:281,38,1,0
BRDA:296,39,0,0
BRDA:296,39,1,0
BRDA:307,40,0,0
BRDA:307,40,1,0
BRDA:312,41,0,0
BRDA:312,41,1,0
BRDA:327,42,0,0
BRDA:327,42,1,0
BRDA:331,43,0,0
BRDA:331,43,1,0
BRDA:338,44,0,0
BRDA:338,44,1,0
BRDA:344,45,0,0
BRDA:344,45,1,0
BRDA:351,46,0,0
BRDA:351,46,1,0
BRDA:352,47,0,0
BRDA:352,47,1,0
BRDA:355,48,0,0
BRDA:355,48,1,0
BRDA:383,49,0,0
BRDA:383,49,1,0
BRDA:385,50,0,0
BRDA:385,50,1,0
BRDA:411,51,0,0
BRDA:411,51,1,0
BRDA:415,52,0,0
BRDA:415,52,1,0
BRDA:415,52,2,0
BRDA:415,52,3,0
BRDA:428,53,0,0
BRDA:428,53,1,0
BRDA:430,54,0,0
BRDA:430,54,1,0
BRDA:430,54,2,0
BRDA:430,54,3,0
BRDA:442,55,0,0
BRDA:442,55,1,0
BRDA:519,56,0,0
BRDA:519,56,1,0
BRDA:520,57,0,0
BRDA:520,57,1,0
BRDA:523,58,0,0
BRDA:523,58,1,0
BRDA:525,59,0,0
BRDA:525,59,1,0
BRDA:534,60,0,0
BRDA:534,60,1,0
BRDA:534,60,2,0
BRDA:547,61,0,0
BRDA:547,61,1,0
BRDA:548,62,0,0
BRDA:548,62,1,0
BRDA:556,63,0,0
BRDA:556,63,1,0
BRDA:565,64,0,0
BRDA:565,64,1,0
BRDA:576,65,0,0
BRDA:576,65,1,0
BRDA:576,65,2,0
BRDA:603,66,0,0
BRDA:606,67,0,0
BRDA:606,67,1,0
BRDA:649,68,0,0
BRDA:649,68,1,0
BRDA:668,69,0,0
BRDA:668,69,1,0
BRDA:690,70,0,0
BRDA:690,70,1,0
BRDA:707,71,0,0
BRDA:707,71,1,0
BRDA:707,71,2,0
BRF:146
BRH:0
end_of_record
TN:
SF:components/ui/Input.tsx
FN:40,(anonymous_0)
FN:70,(anonymous_1)
FN:80,(anonymous_2)
FN:137,(anonymous_3)
FN:171,(anonymous_4)
FN:185,(anonymous_5)
FN:195,(anonymous_6)
FN:206,(anonymous_7)
FN:247,(anonymous_8)
FN:248,(anonymous_9)
FNF:10
FNH:0
FNDA:0,(anonymous_0)
FNDA:0,(anonymous_1)
FNDA:0,(anonymous_2)
FNDA:0,(anonymous_3)
FNDA:0,(anonymous_4)
FNDA:0,(anonymous_5)
FNDA:0,(anonymous_6)
FNDA:0,(anonymous_7)
FNDA:0,(anonymous_8)
FNDA:0,(anonymous_9)
DA:39,0
DA:66,0
DA:67,0
DA:68,0
DA:70,0
DA:71,0
DA:73,0
DA:74,0
DA:77,0
DA:80,0
DA:81,0
DA:84,0
DA:86,0
DA:87,0
DA:89,0
DA:90,0
DA:92,0
DA:96,0
DA:98,0
DA:103,0
DA:105,0
DA:110,0
DA:112,0
DA:120,0
DA:121,0
DA:122,0
DA:123,0
DA:126,0
DA:127,0
DA:130,0
DA:131,0
DA:134,0
DA:137,0
DA:138,0
DA:141,0
DA:143,0
DA:144,0
DA:146,0
DA:147,0
DA:149,0
DA:152,0
DA:153,0
DA:156,0
DA:157,0
DA:160,0
DA:161,0
DA:164,0
DA:165,0
DA:168,0
DA:171,0
DA:172,0
DA:174,0
DA:175,0
DA:178,0
DA:179,0
DA:182,0
DA:185,0
DA:186,0
DA:187,0
DA:189,0
DA:190,0
DA:192,0
DA:195,0
DA:196,0
DA:198,0
DA:200,0
DA:202,0
DA:206,0
DA:207,0
DA:208,0
DA:209,0
DA:212,0
DA:213,0
DA:215,0
DA:247,0
DA:248,0
DA:289,0
DA:291,0
LF:78
LH:0
BRDA:52,0,0,0
BRDA:53,1,0,0
BRDA:54,2,0,0
BRDA:55,3,0,0
BRDA:56,4,0,0
BRDA:58,5,0,0
BRDA:67,6,0,0
BRDA:67,6,1,0
BRDA:73,7,0,0
BRDA:73,7,1,0
BRDA:84,8,0,0
BRDA:84,8,1,0
BRDA:84,8,2,0
BRDA:96,9,0,0
BRDA:96,9,1,0
BRDA:96,9,2,0
BRDA:101,10,0,0
BRDA:101,10,1,0
BRDA:108,11,0,0
BRDA:108,11,1,0
BRDA:115,12,0,0
BRDA:115,12,1,0
BRDA:120,13,0,0
BRDA:120,13,1,0
BRDA:122,14,0,0
BRDA:122,14,1,0
BRDA:126,15,0,0
BRDA:126,15,1,0
BRDA:130,16,0,0
BRDA:130,16,1,0
BRDA:141,17,0,0
BRDA:141,17,1,0
BRDA:141,17,2,0
BRDA:152,18,0,0
BRDA:152,18,1,0
BRDA:156,19,0,0
BRDA:156,19,1,0
BRDA:160,20,0,0
BRDA:160,20,1,0
BRDA:164,21,0,0
BRDA:164,21,1,0
BRDA:174,22,0,0
BRDA:174,22,1,0
BRDA:178,23,0,0
BRDA:178,23,1,0
BRDA:186,24,0,0
BRDA:186,24,1,0
BRDA:189,25,0,0
BRDA:189,25,1,0
BRDA:196,26,0,0
BRDA:196,26,1,0
BRDA:196,26,2,0
BRDA:207,27,0,0
BRDA:207,27,1,0
BRDA:208,28,0,0
BRDA:208,28,1,0
BRDA:212,29,0,0
BRDA:212,29,1,0
BRDA:212,29,2,0
BRDA:213,30,0,0
BRDA:213,30,1,0
BRDA:217,31,0,0
BRDA:217,31,1,0
BRDA:220,32,0,0
BRDA:220,32,1,0
BRDA:230,33,0,0
BRDA:230,33,1,0
BRDA:255,34,0,0
BRDA:255,34,1,0
BRDA:270,35,0,0
BRDA:270,35,1,0
BRDA:270,35,2,0
BRDA:270,35,3,0
BRDA:272,36,0,0
BRDA:272,36,1,0
BRDA:274,37,0,0
BRDA:274,37,1,0
BRDA:274,37,2,0
BRDA:277,38,0,0
BRDA:277,38,1,0
BRDA:277,38,2,0
BRF:81
BRH:0
end_of_record
TN:
SF:components/ui/LoadingSpinner.tsx
FN:22,LoadingSpinner
FN:35,(anonymous_1)
FN:56,(anonymous_2)
FN:74,LoadingOverlay
FNF:4
FNH:0
FNDA:0,LoadingSpinner
FNDA:0,(anonymous_1)
FNDA:0,(anonymous_2)
FNDA:0,LoadingOverlay
DA:30,0
DA:31,0
DA:33,0
DA:35,0
DA:36,0
DA:38,0
DA:40,0
DA:41,0
DA:43,0
DA:44,0
DA:46,0
DA:49,0
DA:50,0
DA:53,0
DA:56,0
DA:57,0
DA:59,0
DA:60,0
DA:63,0
DA:66,0
DA:85,0
DA:87,0
DA:101,0
LF:23
LH:0
BRDA:23,0,0,0
BRDA:26,1,0,0
BRDA:31,2,0,0
BRDA:31,2,1,0
BRDA:33,3,0,0
BRDA:33,3,1,0
BRDA:38,4,0,0
BRDA:38,4,1,0
BRDA:38,4,2,0
BRDA:49,5,0,0
BRDA:49,5,1,0
BRDA:59,6,0,0
BRDA:59,6,1,0
BRDA:69,7,0,0
BRDA:69,7,1,0
BRDA:76,8,0,0
BRDA:77,9,0,0
BRDA:85,10,0,0
BRDA:85,10,1,0
BRF:19
BRH:0
end_of_record
TN:
SF:components/ui/MetricCard.tsx
FN:19,MetricCard
FN:121,(anonymous_1)
FN:126,(anonymous_2)
FN:131,(anonymous_3)
FNF:4
FNH:0
FNDA:0,MetricCard
FNDA:0,(anonymous_1)
FNDA:0,(anonymous_2)
FNDA:0,(anonymous_3)
DA:29,0
DA:30,0
DA:32,0
DA:34,0
DA:121,0
DA:122,0
DA:123,0
DA:126,0
DA:127,0
DA:128,0
DA:131,0
DA:132,0
DA:177,0
DA:178,0
DA:189,0
LF:15
LH:0
BRDA:27,0,0,0
BRDA:30,1,0,0
BRDA:30,1,1,0
BRDA:32,2,0,0
BRDA:32,2,1,0
BRDA:37,3,0,0
BRDA:37,3,1,0
BRDA:38,4,0,0
BRDA:38,4,1,0
BRDA:38,5,0,0
BRDA:38,5,1,0
BRDA:49,6,0,0
BRDA:49,6,1,0
BRDA:49,7,0,0
BRDA:49,7,1,0
BRDA:59,8,0,0
BRDA:59,8,1,0
BRDA:68,9,0,0
BRDA:68,9,1,0
BRDA:68,10,0,0
BRDA:68,10,1,0
BRDA:69,11,0,0
BRDA:69,11,1,0
BRDA:69,12,0,0
BRDA:69,12,1,0
BRDA:70,13,0,0
BRDA:70,13,1,0
BRDA:70,14,0,0
BRDA:70,14,1,0
BRDA:76,15,0,0
BRDA:76,15,1,0
BRDA:76,16,0,0
BRDA:76,16,1,0
BRDA:82,17,0,0
BRDA:82,17,1,0
BRDA:85,18,0,0
BRDA:85,18,1,0
BRDA:85,19,0,0
BRDA:85,19,1,0
BRDA:88,20,0,0
BRDA:88,20,1,0
BRDA:88,21,0,0
BRDA:88,21,1,0
BRDA:96,22,0,0
BRDA:96,22,1,0
BRDA:109,23,0,0
BRDA:109,23,1,0
BRDA:122,24,0,0
BRDA:122,24,1,0
BRDA:122,25,0,0
BRDA:122,25,1,0
BRDA:123,26,0,0
BRDA:123,26,1,0
BRDA:127,27,0,0
BRDA:127,27,1,0
BRDA:127,28,0,0
BRDA:127,28,1,0
BRDA:128,29,0,0
BRDA:128,29,1,0
BRDA:135,30,0,0
BRDA:135,30,1,0
BRDA:139,31,0,0
BRDA:139,31,1,0
BRDA:139,32,0,0
BRDA:139,32,1,0
BRDA:150,33,0,0
BRDA:150,33,1,0
BRDA:153,34,0,0
BRDA:153,34,1,0
BRDA:158,35,0,0
BRDA:158,35,1,0
BRDA:160,36,0,0
BRDA:160,36,1,0
BRDA:162,37,0,0
BRDA:162,37,1,0
BRDA:177,38,0,0
BRDA:177,38,1,0
BRF:77
BRH:0
end_of_record
TN:
SF:components/ui/Modal.tsx
FN:76,WebModal
FN:93,(anonymous_1)
FN:101,(anonymous_2)
FN:107,(anonymous_3)
FN:157,(anonymous_4)
FN:172,(anonymous_5)
FN:271,Modal
FN:297,(anonymous_7)
FN:313,(anonymous_8)
FN:356,(anonymous_9)
FN:366,(anonymous_10)
FN:372,(anonymous_11)
FN:434,ConfirmModal
FN:448,(anonymous_13)
FN:489,AlertModal
FN:500,(anonymous_15)
FN:513,(anonymous_16)
FNF:17
FNH:0
FNDA:0,WebModal
FNDA:0,(anonymous_1)
FNDA:0,(anonymous_2)
FNDA:0,(anonymous_3)
FNDA:0,(anonymous_4)
FNDA:0,(anonymous_5)
FNDA:0,Modal
FNDA:0,(anonymous_7)
FNDA:0,(anonymous_8)
FNDA:0,(anonymous_9)
FNDA:0,(anonymous_10)
FNDA:0,(anonymous_11)
FNDA:0,ConfirmModal
FNDA:0,(anonymous_13)
FNDA:0,AlertModal
FNDA:0,(anonymous_15)
FNDA:0,(anonymous_16)
DA:21,0
DA:22,0
DA:23,0
DA:25,0
DA:26,0
DA:32,0
DA:89,0
DA:90,0
DA:93,0
DA:94,0
DA:95,0
DA:96,0
DA:98,0
DA:101,0
DA:102,0
DA:107,0
DA:108,0
DA:120,0
DA:121,0
DA:127,0
DA:128,0
DA:138,0
DA:140,0
DA:141,0
DA:143,0
DA:144,0
DA:146,0
DA:150,0
DA:151,0
DA:154,0
DA:157,0
DA:158,0
DA:165,0
DA:166,0
DA:169,0
DA:172,0
DA:173,0
DA:174,0
DA:178,0
DA:181,0
DA:264,0
DA:265,0
DA:268,0
DA:272,0
DA:273,0
DA:276,0
DA:277,0
DA:295,0
DA:297,0
DA:298,0
DA:300,0
DA:301,0
DA:302,0
DA:303,0
DA:306,0
DA:307,0
DA:310,0
DA:313,0
DA:314,0
DA:322,0
DA:323,0
DA:324,0
DA:325,0
DA:328,0
DA:330,0
DA:334,0
DA:336,0
DA:340,0
DA:342,0
DA:349,0
DA:350,0
DA:353,0
DA:356,0
DA:357,0
DA:359,0
DA:360,0
DA:363,0
DA:366,0
DA:367,0
DA:368,0
DA:372,0
DA:373,0
DA:393,0
DA:394,0
DA:421,0
DA:445,0
DA:446,0
DA:448,0
DA:449,0
DA:450,0
DA:454,0
DA:497,0
DA:498,0
DA:500,0
DA:501,0
DA:503,0
DA:505,0
DA:507,0
DA:509,0
DA:513,0
DA:514,0
DA:516,0
DA:518,0
DA:520,0
DA:522,0
DA:526,0
DA:549,0
LF:107
LH:0
BRDA:22,0,0,0
BRDA:22,0,1,0
BRDA:81,1,0,0
BRDA:82,2,0,0
BRDA:83,3,0,0
BRDA:84,4,0,0
BRDA:90,5,0,0
BRDA:90,5,1,0
BRDA:94,6,0,0
BRDA:94,6,1,0
BRDA:94,7,0,0
BRDA:94,7,1,0
BRDA:95,8,0,0
BRDA:95,8,1,0
BRDA:120,9,0,0
BRDA:120,9,1,0
BRDA:127,10,0,0
BRDA:127,10,1,0
BRDA:138,11,0,0
BRDA:138,11,1,0
BRDA:138,11,2,0
BRDA:150,12,0,0
BRDA:150,12,1,0
BRDA:165,13,0,0
BRDA:165,13,1,0
BRDA:173,14,0,0
BRDA:173,14,1,0
BRDA:178,15,0,0
BRDA:178,15,1,0
BRDA:183,16,0,0
BRDA:183,16,1,0
BRDA:195,17,0,0
BRDA:195,17,1,0
BRDA:204,18,0,0
BRDA:204,18,1,0
BRDA:226,19,0,0
BRDA:226,19,1,0
BRDA:233,20,0,0
BRDA:233,20,1,0
BRDA:233,20,2,0
BRDA:235,21,0,0
BRDA:235,21,1,0
BRDA:244,22,0,0
BRDA:244,22,1,0
BRDA:264,23,0,0
BRDA:264,23,1,0
BRDA:264,24,0,0
BRDA:264,24,1,0
BRDA:273,25,0,0
BRDA:273,25,1,0
BRDA:276,26,0,0
BRDA:276,26,1,0
BRDA:286,27,0,0
BRDA:287,28,0,0
BRDA:288,29,0,0
BRDA:289,30,0,0
BRDA:290,31,0,0
BRDA:291,32,0,0
BRDA:300,33,0,0
BRDA:300,33,1,0
BRDA:302,34,0,0
BRDA:302,34,1,0
BRDA:306,35,0,0
BRDA:306,35,1,0
BRDA:322,36,0,0
BRDA:322,36,1,0
BRDA:324,37,0,0
BRDA:324,37,1,0
BRDA:328,38,0,0
BRDA:328,38,1,0
BRDA:328,38,2,0
BRDA:349,39,0,0
BRDA:349,39,1,0
BRDA:359,40,0,0
BRDA:359,40,1,0
BRDA:367,41,0,0
BRDA:367,41,1,0
BRDA:377,42,0,0
BRDA:377,42,1,0
BRDA:377,42,2,0
BRDA:379,43,0,0
BRDA:379,43,1,0
BRDA:380,44,0,0
BRDA:380,44,1,0
BRDA:393,45,0,0
BRDA:393,45,1,0
BRDA:408,46,0,0
BRDA:408,46,1,0
BRDA:409,47,0,0
BRDA:409,47,1,0
BRDA:440,48,0,0
BRDA:441,49,0,0
BRDA:442,50,0,0
BRDA:443,51,0,0
BRDA:446,52,0,0
BRDA:446,52,1,0
BRDA:449,53,0,0
BRDA:449,53,1,0
BRDA:478,54,0,0
BRDA:478,54,1,0
BRDA:494,55,0,0
BRDA:495,56,0,0
BRDA:498,57,0,0
BRDA:498,57,1,0
BRDA:501,58,0,0
BRDA:501,58,1,0
BRDA:501,58,2,0
BRDA:501,58,3,0
BRDA:514,59,0,0
BRDA:514,59,1,0
BRDA:514,59,2,0
BRDA:514,59,3,0
BRF:112
BRH:0
end_of_record
TN:
SF:components/ui/NotificationBell.tsx
FN:12,NotificationBell
FNF:1
FNH:0
FNDA:0,NotificationBell
DA:16,0
DA:17,0
DA:18,0
DA:20,0
LF:4
LH:0
BRDA:14,0,0,0
BRDA:23,1,0,0
BRDA:23,1,1,0
BRDA:27,2,0,0
BRDA:27,2,1,0
BRDA:33,3,0,0
BRDA:33,3,1,0
BRF:7
BRH:0
end_of_record
TN:
SF:components/ui/NotificationList.tsx
FN:14,NotificationItem
FN:18,(anonymous_1)
FN:25,(anonymous_2)
FN:34,(anonymous_3)
FN:40,(anonymous_4)
FN:57,(anonymous_5)
FN:76,(anonymous_6)
FN:89,(anonymous_7)
FN:180,(anonymous_8)
FN:280,NotificationList
FN:287,(anonymous_10)
FN:289,(anonymous_11)
FN:343,(anonymous_12)
FN:379,(anonymous_13)
FN:391,(anonymous_14)
FNF:15
FNH:0
FNDA:0,NotificationItem
FNDA:0,(anonymous_1)
FNDA:0,(anonymous_2)
FNDA:0,(anonymous_3)
FNDA:0,(anonymous_4)
FNDA:0,(anonymous_5)
FNDA:0,(anonymous_6)
FNDA:0,(anonymous_7)
FNDA:0,(anonymous_8)
FNDA:0,NotificationList
FNDA:0,(anonymous_10)
FNDA:0,(anonymous_11)
FNDA:0,(anonymous_12)
FNDA:0,(anonymous_13)
FNDA:0,(anonymous_14)
DA:15,0
DA:16,0
DA:18,0
DA:19,0
DA:20,0
DA:22,0
DA:25,0
DA:26,0
DA:34,0
DA:40,0
DA:41,0
DA:43,0
DA:45,0
DA:47,0
DA:49,0
DA:51,0
DA:53,0
DA:57,0
DA:58,0
DA:60,0
DA:62,0
DA:64,0
DA:66,0
DA:68,0
DA:70,0
DA:74,0
DA:76,0
DA:77,0
DA:79,0
DA:81,0
DA:83,0
DA:85,0
DA:89,0
DA:90,0
DA:92,0
DA:94,0
DA:96,0
DA:98,0
DA:102,0
DA:180,0
DA:283,0
DA:285,0
DA:287,0
DA:289,0
DA:290,0
DA:304,0
DA:305,0
DA:313,0
DA:314,0
DA:332,0
DA:343,0
DA:380,0
DA:391,0
LF:53
LH:0
BRDA:19,0,0,0
BRDA:19,0,1,0
BRDA:41,1,0,0
BRDA:41,1,1,0
BRDA:41,1,2,0
BRDA:41,1,3,0
BRDA:41,1,4,0
BRDA:41,1,5,0
BRDA:58,2,0,0
BRDA:58,2,1,0
BRDA:58,2,2,0
BRDA:58,2,3,0
BRDA:58,2,4,0
BRDA:58,2,5,0
BRDA:77,3,0,0
BRDA:77,3,1,0
BRDA:77,3,2,0
BRDA:77,3,3,0
BRDA:90,4,0,0
BRDA:90,4,1,0
BRDA:90,4,2,0
BRDA:90,4,3,0
BRDA:105,5,0,0
BRDA:105,5,1,0
BRDA:123,6,0,0
BRDA:123,6,1,0
BRDA:128,7,0,0
BRDA:128,7,1,0
BRDA:130,8,0,0
BRDA:130,8,1,0
BRDA:145,9,0,0
BRDA:145,9,1,0
BRDA:304,10,0,0
BRDA:304,10,1,0
BRDA:313,11,0,0
BRDA:313,11,1,0
BRDA:339,12,0,0
BRDA:339,12,1,0
BRDA:341,13,0,0
BRDA:341,13,1,0
BRDA:349,14,0,0
BRDA:349,14,1,0
BRF:42
BRH:0
end_of_record
TN:
SF:components/ui/NotificationManager.tsx
FN:8,NotificationManager
FN:23,(anonymous_1)
FN:24,(anonymous_2)
FN:39,(anonymous_3)
FN:57,(anonymous_4)
FN:88,(anonymous_5)
FN:93,(anonymous_6)
FNF:7
FNH:0
FNDA:0,NotificationManager
FNDA:0,(anonymous_1)
FNDA:0,(anonymous_2)
FNDA:0,(anonymous_3)
FNDA:0,(anonymous_4)
FNDA:0,(anonymous_5)
FNDA:0,(anonymous_6)
DA:9,0
DA:10,0
DA:13,0
DA:14,0
DA:15,0
DA:23,0
DA:24,0
DA:25,0
DA:26,0
DA:27,0
DA:28,0
DA:29,0
DA:32,0
DA:35,0
DA:38,0
DA:40,0
DA:44,0
DA:46,0
DA:48,0
DA:50,0
DA:57,0
DA:58,0
DA:62,0
DA:65,0
DA:66,0
DA:67,0
DA:71,0
DA:74,0
DA:75,0
DA:76,0
DA:79,0
DA:88,0
DA:89,0
DA:90,0
DA:93,0
DA:95,0
DA:99,0
DA:100,0
DA:102,0
DA:105,0
DA:106,0
DA:107,0
DA:109,0
DA:111,0
DA:113,0
DA:117,0
LF:46
LH:0
BRDA:27,0,0,0
BRDA:27,0,1,0
BRDA:40,1,0,0
BRDA:40,1,1,0
BRDA:40,1,2,0
BRDA:40,1,3,0
BRDA:40,1,4,0
BRDA:40,1,5,0
BRDA:58,2,0,0
BRDA:58,2,1,0
BRDA:59,3,0,0
BRDA:59,3,1,0
BRDA:65,4,0,0
BRDA:65,4,1,0
BRDA:74,5,0,0
BRDA:74,5,1,0
BRDA:74,6,0,0
BRDA:74,6,1,0
BRDA:74,6,2,0
BRDA:95,7,0,0
BRDA:95,7,1,0
BRDA:95,7,2,0
BRDA:95,7,3,0
BRDA:95,7,4,0
BRDA:95,7,5,0
BRDA:99,8,0,0
BRDA:99,8,1,0
BRDA:105,9,0,0
BRDA:105,9,1,0
BRDA:107,10,0,0
BRDA:107,10,1,0
BRF:31
BRH:0
end_of_record
TN:
SF:components/ui/NotificationPopup.tsx
FN:28,PopupNotificationItem
FN:38,(anonymous_1)
FN:45,(anonymous_2)
FN:62,(anonymous_3)
FN:111,(anonymous_4)
FN:162,NotificationPopup
FN:178,(anonymous_6)
FN:198,(anonymous_7)
FN:222,(anonymous_8)
FN:238,(anonymous_9)
FN:280,(anonymous_10)
FN:284,(anonymous_11)
FN:296,(anonymous_12)
FN:320,(anonymous_13)
FN:361,(anonymous_14)
FN:365,(anonymous_15)
FN:389,(anonymous_16)
FNF:17
FNH:0
FNDA:0,PopupNotificationItem
FNDA:0,(anonymous_1)
FNDA:0,(anonymous_2)
FNDA:0,(anonymous_3)
FNDA:0,(anonymous_4)
FNDA:0,NotificationPopup
FNDA:0,(anonymous_6)
FNDA:0,(anonymous_7)
FNDA:0,(anonymous_8)
FNDA:0,(anonymous_9)
FNDA:0,(anonymous_10)
FNDA:0,(anonymous_11)
FNDA:0,(anonymous_12)
FNDA:0,(anonymous_13)
FNDA:0,(anonymous_14)
FNDA:0,(anonymous_15)
FNDA:0,(anonymous_16)
DA:35,0
DA:36,0
DA:38,0
DA:39,0
DA:40,0
DA:42,0
DA:45,0
DA:46,0
DA:48,0
DA:50,0
DA:52,0
DA:54,0
DA:56,0
DA:58,0
DA:62,0
DA:63,0
DA:65,0
DA:67,0
DA:69,0
DA:71,0
DA:73,0
DA:75,0
DA:79,0
DA:111,0
DA:166,0
DA:173,0
DA:174,0
DA:175,0
DA:176,0
DA:178,0
DA:179,0
DA:180,0
DA:193,0
DA:194,0
DA:198,0
DA:202,0
DA:203,0
DA:205,0
DA:206,0
DA:208,0
DA:209,0
DA:210,0
DA:212,0
DA:213,0
DA:214,0
DA:217,0
DA:218,0
DA:222,0
DA:223,0
DA:225,0
DA:227,0
DA:228,0
DA:230,0
DA:231,0
DA:234,0
DA:238,0
DA:239,0
DA:243,0
DA:244,0
DA:245,0
DA:247,0
DA:249,0
DA:250,0
DA:251,0
DA:253,0
DA:256,0
DA:257,0
DA:259,0
DA:260,0
DA:261,0
DA:265,0
DA:266,0
DA:267,0
DA:268,0
DA:270,0
DA:273,0
DA:280,0
DA:284,0
DA:290,0
DA:292,0
DA:296,0
DA:297,0
DA:298,0
DA:301,0
DA:303,0
DA:320,0
DA:362,0
DA:365,0
DA:389,0
LF:89
LH:0
BRDA:39,0,0,0
BRDA:39,0,1,0
BRDA:46,1,0,0
BRDA:46,1,1,0
BRDA:46,1,2,0
BRDA:46,1,3,0
BRDA:46,1,4,0
BRDA:46,1,5,0
BRDA:63,2,0,0
BRDA:63,2,1,0
BRDA:63,2,2,0
BRDA:63,2,3,0
BRDA:63,2,4,0
BRDA:63,2,5,0
BRDA:82,3,0,0
BRDA:82,3,1,0
BRDA:98,4,0,0
BRDA:98,4,1,0
BRDA:179,5,0,0
BRDA:179,5,1,0
BRDA:208,6,0,0
BRDA:208,6,1,0
BRDA:227,7,0,0
BRDA:227,7,1,0
BRDA:239,8,0,0
BRDA:239,8,1,0
BRDA:239,8,2,0
BRDA:239,8,3,0
BRDA:239,8,4,0
BRDA:239,8,5,0
BRDA:243,9,0,0
BRDA:243,9,1,0
BRDA:249,10,0,0
BRDA:249,10,1,0
BRDA:256,11,0,0
BRDA:256,11,1,0
BRDA:259,12,0,0
BRDA:259,12,1,0
BRDA:265,13,0,0
BRDA:265,13,1,0
BRDA:267,14,0,0
BRDA:267,14,1,0
BRDA:325,15,0,0
BRDA:325,15,1,0
BRDA:331,16,0,0
BRDA:331,16,1,0
BRDA:342,17,0,0
BRDA:342,17,1,0
BRDA:346,18,0,0
BRDA:346,18,1,0
BRDA:372,19,0,0
BRDA:372,19,1,0
BRF:52
BRH:0
end_of_record
TN:
SF:components/ui/NotificationToast.tsx
[...]
FN:198,useUpdateMileageLog
FN:202,(anonymous_17)
FN:215,(anonymous_18)
FN:236,useDeleteMileageLog
FN:240,(anonymous_20)
FN:255,(anonymous_21)
FNF:22
FNH:0
FNDA:0,useMileageLogs
FNDA:0,(anonymous_1)
FNDA:0,useAllMileageLogs
FNDA:0,(anonymous_3)
FNDA:0,(anonymous_4)
FNDA:0,useMileageLog
FNDA:0,(anonymous_6)
FNDA:0,useLatestMileageLog
FNDA:0,(anonymous_8)
FNDA:0,useMaxOdometer
FNDA:0,(anonymous_10)
FNDA:0,useTotalDistance
FNDA:0,(anonymous_12)
FNDA:0,useCreateMileageLog
FNDA:0,(anonymous_14)
FNDA:0,(anonymous_15)
FNDA:0,useUpdateMileageLog
FNDA:0,(anonymous_17)
FNDA:0,(anonymous_18)
FNDA:0,useDeleteMileageLog
FNDA:0,(anonymous_20)
FNDA:0,(anonymous_21)
DA:27,0
DA:30,0
DA:31,0
DA:32,0
DA:33,0
DA:35,0
DA:45,0
DA:48,0
DA:51,0
DA:52,0
DA:53,0
DA:55,0
DA:59,0
DA:60,0
DA:61,0
DA:63,0
DA:73,0
DA:76,0
DA:77,0
DA:78,0
DA:79,0
DA:81,0
DA:91,0
DA:94,0
DA:95,0
DA:96,0
DA:97,0
DA:99,0
DA:109,0
DA:112,0
DA:113,0
DA:114,0
DA:115,0
DA:117,0
DA:131,0
DA:139,0
DA:140,0
DA:145,0
DA:146,0
DA:148,0
DA:162,0
DA:164,0
DA:166,0
DA:167,0
DA:168,0
DA:170,0
DA:174,0
DA:177,0
DA:180,0
DA:184,0
DA:188,0
DA:199,0
DA:201,0
DA:209,0
DA:210,0
DA:211,0
DA:213,0
DA:217,0
DA:222,0
DA:226,0
DA:237,0
DA:239,0
DA:249,0
DA:250,0
DA:251,0
DA:253,0
DA:257,0
DA:261,0
DA:264,0
DA:268,0
LF:70
LH:0
BRDA:30,0,0,0
BRDA:30,0,1,0
BRDA:32,1,0,0
BRDA:32,1,1,0
BRDA:46,2,0,0
BRDA:46,2,1,0
BRDA:48,3,0,0
BRDA:48,3,1,0
BRDA:52,4,0,0
BRDA:52,4,1,0
BRDA:60,5,0,0
BRDA:60,5,1,0
BRDA:74,6,0,0
BRDA:74,6,1,0
BRDA:76,7,0,0
BRDA:76,7,1,0
BRDA:78,8,0,0
BRDA:78,8,1,0
BRDA:92,9,0,0
BRDA:92,9,1,0
BRDA:94,10,0,0
BRDA:94,10,1,0
BRDA:96,11,0,0
BRDA:96,11,1,0
BRDA:112,12,0,0
BRDA:112,12,1,0
BRDA:114,13,0,0
BRDA:114,13,1,0
BRDA:139,14,0,0
BRDA:139,14,1,0
BRDA:145,15,0,0
BRDA:145,15,1,0
BRDA:167,16,0,0
BRDA:167,16,1,0
BRDA:210,17,0,0
BRDA:210,17,1,0
BRDA:250,18,0,0
BRDA:250,18,1,0
BRF:38
BRH:0
end_of_record
TN:
SF:src/features/logs/hooks/useServiceLogs.ts
FN:27,useServiceLogs
FN:30,(anonymous_1)
FN:45,useAllServiceLogs
FN:48,(anonymous_3)
FN:56,(anonymous_4)
FN:73,useServiceLog
FN:76,(anonymous_6)
FN:91,useServiceLogsByType
FN:100,(anonymous_8)
FN:118,useLatestServiceLog
FN:121,(anonymous_10)
FN:136,useUpcomingServices
FN:139,(anonymous_12)
FN:154,useServiceStats
FN:166,(anonymous_14)
FN:189,useCreateServiceLog
FN:193,(anonymous_16)
FN:200,(anonymous_17)
FN:228,useUpdateServiceLog
FN:232,(anonymous_19)
FN:245,(anonymous_20)
FN:262,useDeleteServiceLog
FN:266,(anonymous_22)
FN:281,(anonymous_23)
FNF:24
FNH:0
FNDA:0,useServiceLogs
FNDA:0,(anonymous_1)
FNDA:0,useAllServiceLogs
FNDA:0,(anonymous_3)
FNDA:0,(anonymous_4)
FNDA:0,useServiceLog
FNDA:0,(anonymous_6)
FNDA:0,useServiceLogsByType
FNDA:0,(anonymous_8)
FNDA:0,useLatestServiceLog
FNDA:0,(anonymous_10)
FNDA:0,useUpcomingServices
FNDA:0,(anonymous_12)
FNDA:0,useServiceStats
FNDA:0,(anonymous_14)
FNDA:0,useCreateServiceLog
FNDA:0,(anonymous_16)
FNDA:0,(anonymous_17)
FNDA:0,useUpdateServiceLog
FNDA:0,(anonymous_19)
FNDA:0,(anonymous_20)
FNDA:0,useDeleteServiceLog
FNDA:0,(anonymous_22)
FNDA:0,(anonymous_23)
DA:28,0
DA:31,0
DA:32,0
DA:33,0
DA:34,0
DA:36,0
DA:46,0
DA:49,0
DA:52,0
DA:53,0
DA:54,0
DA:56,0
DA:60,0
DA:61,0
DA:62,0
DA:64,0
DA:74,0
DA:77,0
DA:78,0
DA:79,0
DA:80,0
DA:82,0
DA:95,0
DA:101,0
DA:102,0
DA:106,0
DA:107,0
DA:109,0
DA:119,0
DA:122,0
DA:123,0
DA:124,0
DA:125,0
DA:127,0
DA:137,0
DA:140,0
DA:141,0
DA:142,0
DA:143,0
DA:145,0
DA:159,0
DA:167,0
DA:168,0
DA:173,0
DA:174,0
DA:176,0
DA:190,0
DA:192,0
DA:194,0
DA:195,0
DA:196,0
DA:198,0
DA:202,0
DA:205,0
DA:209,0
DA:212,0
DA:216,0
DA:217,0
DA:229,0
DA:231,0
DA:239,0
DA:240,0
DA:241,0
DA:243,0
DA:247,0
DA:252,0
DA:263,0
DA:265,0
DA:275,0
DA:276,0
DA:277,0
DA:279,0
DA:283,0
DA:287,0
DA:290,0
DA:294,0
LF:76
LH:0
BRDA:31,0,0,0
BRDA:31,0,1,0
BRDA:33,1,0,0
BRDA:33,1,1,0
BRDA:47,2,0,0
BRDA:47,2,1,0
BRDA:49,3,0,0
BRDA:49,3,1,0
BRDA:53,4,0,0
BRDA:53,4,1,0
BRDA:61,5,0,0
BRDA:61,5,1,0
BRDA:75,6,0,0
BRDA:75,6,1,0
BRDA:77,7,0,0
BRDA:77,7,1,0
BRDA:79,8,0,0
BRDA:79,8,1,0
BRDA:97,9,0,0
BRDA:97,9,1,0
BRDA:98,10,0,0
BRDA:98,10,1,0
BRDA:101,11,0,0
BRDA:101,11,1,0
BRDA:101,12,0,0
BRDA:101,12,1,0
BRDA:106,13,0,0
BRDA:106,13,1,0
BRDA:111,14,0,0
BRDA:111,14,1,0
BRDA:122,15,0,0
BRDA:122,15,1,0
BRDA:124,16,0,0
BRDA:124,16,1,0
BRDA:136,17,0,0
BRDA:140,18,0,0
BRDA:140,18,1,0
BRDA:142,19,0,0
BRDA:142,19,1,0
BRDA:167,20,0,0
BRDA:167,20,1,0
BRDA:173,21,0,0
BRDA:173,21,1,0
BRDA:195,22,0,0
BRDA:195,22,1,0
BRDA:216,23,0,0
BRDA:216,23,1,0
BRDA:240,24,0,0
BRDA:240,24,1,0
BRDA:276,25,0,0
BRDA:276,25,1,0
BRF:51
BRH:0
end_of_record
TN:
SF:src/features/vehicles/hooks/useVehicles.ts
FN:26,useVehicles
FN:35,(anonymous_1)
FN:54,useAccessibleVehicles
FN:57,(anonymous_3)
FN:72,useVehicle
FN:75,(anonymous_5)
FN:90,useVehicleWithLogs
FN:93,(anonymous_7)
FN:108,useVehiclesWithSharing
FN:111,(anonymous_9)
FN:130,useCreateVehicle
FN:134,(anonymous_11)
FN:141,(anonymous_12)
FN:157,useUpdateVehicle
FN:161,(anonymous_14)
FN:168,(anonymous_15)
FN:183,useDeleteVehicle
FN:187,(anonymous_17)
FN:193,(anonymous_18)
FN:217,useShareVehicle
FN:221,(anonymous_20)
FN:236,(anonymous_21)
FN:246,useUpdateVehicleMileage
FN:250,(anonymous_23)
FN:263,(anonymous_24)
FN:275,useSearchVehicles
FN:282,(anonymous_26)
FNF:27
FNH:0
FNDA:0,useVehicles
FNDA:0,(anonymous_1)
FNDA:0,useAccessibleVehicles
FNDA:0,(anonymous_3)
FNDA:0,useVehicle
FNDA:0,(anonymous_5)
FNDA:0,useVehicleWithLogs
FNDA:0,(anonymous_7)
FNDA:0,useVehiclesWithSharing
FNDA:0,(anonymous_9)
FNDA:0,useCreateVehicle
FNDA:0,(anonymous_11)
FNDA:0,(anonymous_12)
FNDA:0,useUpdateVehicle
FNDA:0,(anonymous_14)
FNDA:0,(anonymous_15)
FNDA:0,useDeleteVehicle
FNDA:0,(anonymous_17)
FNDA:0,(anonymous_18)
FNDA:0,useShareVehicle
FNDA:0,(anonymous_20)
FNDA:0,(anonymous_21)
FNDA:0,useUpdateVehicleMileage
FNDA:0,(anonymous_23)
FNDA:0,(anonymous_24)
FNDA:0,useSearchVehicles
FNDA:0,(anonymous_26)
DA:30,0
DA:36,0
DA:37,0
DA:42,0
DA:43,0
DA:45,0
DA:55,0
DA:58,0
DA:59,0
DA:60,0
DA:61,0
DA:63,0
DA:73,0
DA:76,0
DA:77,0
DA:78,0
DA:79,0
DA:81,0
DA:91,0
DA:94,0
DA:95,0
DA:96,0
DA:97,0
DA:99,0
DA:109,0
DA:112,0
DA:113,0
DA:114,0
DA:115,0
DA:117,0
DA:131,0
DA:133,0
DA:135,0
DA:136,0
DA:137,0
DA:139,0
DA:143,0
DA:144,0
DA:147,0
DA:158,0
DA:160,0
DA:162,0
DA:163,0
DA:164,0
DA:166,0
DA:170,0
DA:175,0
DA:184,0
DA:186,0
DA:188,0
DA:189,0
DA:190,0
DA:195,0
DA:199,0
DA:201,0
DA:204,0
DA:207,0
DA:218,0
DA:220,0
DA:228,0
DA:232,0
DA:233,0
DA:238,0
DA:247,0
DA:249,0
DA:257,0
DA:258,0
DA:259,0
DA:261,0
DA:264,0
DA:280,0
DA:283,0
DA:284,0
DA:285,0
DA:286,0
DA:288,0
LF:76
LH:0
BRDA:32,0,0,0
BRDA:32,0,1,0
BRDA:36,1,0,0
BRDA:36,1,1,0
BRDA:38,2,0,0
BRDA:38,2,1,0
BRDA:42,3,0,0
BRDA:42,3,1,0
BRDA:56,4,0,0
BRDA:56,4,1,0
BRDA:58,5,0,0
BRDA:58,5,1,0
BRDA:60,6,0,0
BRDA:60,6,1,0
BRDA:74,7,0,0
BRDA:74,7,1,0
BRDA:76,8,0,0
BRDA:76,8,1,0
BRDA:78,9,0,0
BRDA:78,9,1,0
BRDA:92,10,0,0
BRDA:92,10,1,0
BRDA:94,11,0,0
BRDA:94,11,1,0
BRDA:96,12,0,0
BRDA:96,12,1,0
BRDA:110,13,0,0
BRDA:110,13,1,0
BRDA:112,14,0,0
BRDA:112,14,1,0
BRDA:114,15,0,0
BRDA:114,15,1,0
BRDA:136,16,0,0
BRDA:136,16,1,0
BRDA:163,17,0,0
BRDA:163,17,1,0
BRDA:189,18,0,0
BRDA:189,18,1,0
BRDA:232,19,0,0
BRDA:232,19,1,0
BRDA:258,20,0,0
BRDA:258,20,1,0
BRDA:278,21,0,0
BRDA:281,22,0,0
BRDA:281,22,1,0
BRDA:283,23,0,0
BRDA:283,23,1,0
BRDA:283,24,0,0
BRDA:283,24,1,0
BRDA:285,25,0,0
BRDA:285,25,1,0
BRDA:290,26,0,0
BRDA:290,26,1,0
BRDA:290,26,2,0
BRF:54
BRH:0
end_of_record
TN:
SF:src/services/api/supabaseClient.ts
FNF:0
FNH:0
LF:0
LH:0
BRF:0
BRH:0
end_of_record
TN:
SF:src/services/repositories/BaseRepository.ts
FN:35,(anonymous_0)
FN:59,(anonymous_1)
FN:87,(anonymous_2)
FN:116,(anonymous_3)
FN:140,(anonymous_4)
FN:163,(anonymous_5)
FN:191,(anonymous_6)
FN:211,(anonymous_7)
FN:234,(anonymous_8)
FN:266,(anonymous_9)
FN:277,(anonymous_10)
FNF:11
FNH:4
FNDA:1,(anonymous_0)
FNDA:0,(anonymous_1)
FNDA:0,(anonymous_2)
FNDA:1,(anonymous_3)
FNDA:0,(anonymous_4)
FNDA:1,(anonymous_5)
FNDA:1,(anonymous_6)
FNDA:0,(anonymous_7)
FNDA:0,(anonymous_8)
FNDA:0,(anonymous_9)
FNDA:0,(anonymous_10)
DA:36,1
DA:42,1
DA:43,0
DA:53,1
DA:62,0
DA:64,0
DA:65,0
DA:68,0
DA:70,0
DA:71,0
DA:81,0
DA:91,0
DA:93,0
DA:94,0
DA:97,0
DA:99,0
DA:100,0
DA:110,0
DA:117,1
DA:123,1
DA:124,0
DA:134,1
DA:141,0
DA:146,0
DA:147,0
DA:157,0
DA:167,1
DA:174,1
DA:175,0
DA:185,1
DA:192,1
DA:194,1
DA:195,0
DA:205,1
DA:212,0
DA:217,0
DA:218,0
DA:228,0
DA:237,0
DA:241,0
DA:242,0
DA:243,0
DA:247,0
DA:249,0
DA:250,0
DA:260,0
DA:267,0
DA:268,0
DA:269,0
DA:271,0
DA:290,0
DA:292,0
DA:293,0
DA:294,0
DA:298,0
DA:299,0
DA:300,0
DA:304,0
DA:305,0
DA:306,0
DA:310,0
DA:311,0
DA:312,0
DA:316,0
DA:317,0
DA:318,0
DA:322,0
DA:323,0
DA:324,0
DA:328,0
DA:329,0
DA:334,0
DA:335,0
DA:338,0
DA:339,0
DA:345,0
LF:76
LH:12
BRDA:42,0,0,0
BRDA:42,0,1,1
BRDA:64,1,0,0
BRDA:64,1,1,0
BRDA:70,2,0,0
BRDA:70,2,1,0
BRDA:81,3,0,0
BRDA:81,3,1,0
BRDA:93,4,0,0
BRDA:93,4,1,0
BRDA:99,5,0,0
BRDA:99,5,1,0
BRDA:110,6,0,0
BRDA:110,6,1,0
BRDA:123,7,0,0
BRDA:123,7,1,1
BRDA:146,8,0,0
BRDA:146,8,1,0
BRDA:157,9,0,0
BRDA:157,9,1,0
BRDA:174,10,0,0
BRDA:174,10,1,1
BRDA:194,11,0,0
BRDA:194,11,1,1
BRDA:217,12,0,0
BRDA:217,12,1,0
BRDA:241,13,0,0
BRDA:241,13,1,0
BRDA:249,14,0,0
BRDA:249,14,1,0
BRDA:260,15,0,0
BRDA:260,15,1,0
BRDA:268,16,0,0
BRDA:268,16,1,0
BRDA:292,17,0,0
BRDA:292,17,1,0
BRDA:298,18,0,0
BRDA:298,18,1,0
BRDA:304,19,0,0
BRDA:304,19,1,0
BRDA:310,20,0,0
BRDA:310,20,1,0
BRDA:316,21,0,0
BRDA:316,21,1,0
BRDA:322,22,0,0
BRDA:322,22,1,0
BRDA:328,23,0,0
BRDA:328,23,1,0
BRDA:330,24,0,0
BRDA:330,24,1,0
BRDA:334,25,0,0
BRDA:334,25,1,0
BRDA:338,26,0,0
BRDA:338,26,1,0
BRDA:341,27,0,0
BRDA:341,27,1,0
BRF:56
BRH:4
end_of_record
TN:
SF:src/services/repositories/FuelLogRepository.ts
FN:30,(anonymous_0)
FN:65,(anonymous_1)
FN:103,(anonymous_2)
FN:133,(anonymous_3)
FN:161,(anonymous_4)
FN:206,(anonymous_5)
FN:209,(anonymous_6)
FN:226,(anonymous_7)
FNF:8
FNH:0
FNDA:0,(anonymous_0)
FNDA:0,(anonymous_1)
FNDA:0,(anonymous_2)
FNDA:0,(anonymous_3)
FNDA:0,(anonymous_4)
FNDA:0,(anonymous_5)
FNDA:0,(anonymous_6)
FNDA:0,(anonymous_7)
DA:25,1
DA:34,0
DA:39,0
DA:40,0
DA:43,0
DA:46,0
DA:48,0
DA:49,0
DA:59,0
DA:69,0
DA:70,0
DA:73,0
DA:78,0
DA:79,0
DA:81,0
DA:84,0
DA:86,0
DA:87,0
DA:97,0
DA:108,0
DA:116,0
DA:117,0
DA:127,0
DA:136,0
DA:144,0
DA:145,0
DA:155,0
DA:176,0
DA:181,0
DA:182,0
DA:184,0
DA:185,0
DA:188,0
DA:190,0
DA:191,0
DA:201,0
DA:205,0
DA:206,0
DA:209,0
DA:210,0
DA:212,0
DA:229,0
DA:234,0
DA:235,0
DA:245,0
DA:250,1
LF:46
LH:2
BRDA:39,0,0,0
BRDA:39,0,1,0
BRDA:48,1,0,0
BRDA:48,1,1,0
BRDA:59,2,0,0
BRDA:59,2,1,0
BRDA:69,3,0,0
BRDA:69,3,1,0
BRDA:78,4,0,0
BRDA:78,4,1,0
BRDA:86,5,0,0
BRDA:86,5,1,0
BRDA:97,6,0,0
BRDA:97,6,1,0
BRDA:116,7,0,0
BRDA:116,7,1,0
BRDA:127,8,0,0
BRDA:127,8,1,0
BRDA:144,9,0,0
BRDA:144,9,1,0
BRDA:181,10,0,0
BRDA:181,10,1,0
BRDA:184,11,0,0
BRDA:184,11,1,0
BRDA:190,12,0,0
BRDA:190,12,1,0
BRDA:201,13,0,0
BRDA:201,13,1,0
BRDA:206,14,0,0
BRDA:206,14,1,0
BRDA:209,15,0,0
BRDA:209,15,1,0
BRDA:210,16,0,0
BRDA:210,16,1,0
BRDA:234,17,0,0
BRDA:234,17,1,0
BRF:36
BRH:0
end_of_record
TN:
SF:src/services/repositories/GroupRepository.ts
FN:34,(anonymous_0)
FN:68,(anonymous_1)
FN:88,(anonymous_2)
FN:97,(anonymous_3)
FN:111,(anonymous_4)
FN:120,(anonymous_5)
FN:161,(anonymous_6)
FN:189,(anonymous_7)
FN:216,(anonymous_8)
FN:243,(anonymous_9)
FN:271,(anonymous_10)
FN:283,(anonymous_11)
FN:309,(anonymous_12)
FNF:13
FNH:0
FNDA:0,(anonymous_0)
FNDA:0,(anonymous_1)
FNDA:0,(anonymous_2)
FNDA:0,(anonymous_3)
FNDA:0,(anonymous_4)
FNDA:0,(anonymous_5)
FNDA:0,(anonymous_6)
FNDA:0,(anonymous_7)
FNDA:0,(anonymous_8)
FNDA:0,(anonymous_9)
FNDA:0,(anonymous_10)
FNDA:0,(anonymous_11)
FNDA:0,(anonymous_12)
DA:29,1
DA:38,0
DA:43,0
DA:44,0
DA:46,0
DA:49,0
DA:51,0
DA:52,0
DA:62,0
DA:71,0
DA:76,0
DA:77,0
DA:87,0
DA:88,0
DA:91,0
DA:101,0
DA:102,0
DA:105,0
DA:106,0
DA:109,0
DA:110,0
DA:111,0
DA:114,0
DA:123,0
DA:137,0
DA:138,0
DA:148,0
DA:149,0
DA:164,0
DA:169,0
DA:170,0
DA:180,0
DA:193,0
DA:199,0
DA:200,0
DA:210,0
DA:220,0
DA:226,0
DA:227,0
DA:237,0
DA:247,0
DA:254,0
DA:255,0
DA:265,0
DA:275,0
DA:276,0
DA:277,0
DA:286,0
DA:292,0
DA:293,0
DA:303,0
DA:312,0
DA:317,0
DA:318,0
DA:328,0
DA:333,1
LF:56
LH:2
BRDA:43,0,0,0
BRDA:43,0,1,0
BRDA:51,1,0,0
BRDA:51,1,1,0
BRDA:62,2,0,0
BRDA:62,2,1,0
BRDA:76,3,0,0
BRDA:76,3,1,0
BRDA:87,4,0,0
BRDA:87,4,1,0
BRDA:102,5,0,0
BRDA:102,5,1,0
BRDA:106,6,0,0
BRDA:106,6,1,0
BRDA:137,7,0,0
BRDA:137,7,1,0
BRDA:153,8,0,0
BRDA:153,8,1,0
BRDA:169,9,0,0
BRDA:169,9,1,0
BRDA:182,10,0,0
BRDA:182,10,1,0
BRDA:199,11,0,0
BRDA:199,11,1,0
BRDA:226,12,0,0
BRDA:226,12,1,0
BRDA:254,13,0,0
BRDA:254,13,1,0
BRDA:276,14,0,0
BRDA:276,14,1,0
BRDA:292,15,0,0
BRDA:292,15,1,0
BRDA:303,16,0,0
BRDA:303,16,1,0
BRDA:317,17,0,0
BRDA:317,17,1,0
BRDA:328,18,0,0
BRDA:328,18,1,0
BRF:38
BRH:0
end_of_record
TN:
SF:src/services/repositories/MileageLogRepository.ts
FN:30,(anonymous_0)
FN:65,(anonymous_1)
FN:103,(anonymous_2)
FN:133,(anonymous_3)
FN:161,(anonymous_4)
FN:193,(anonymous_5)
FN:239,(anonymous_6)
FNF:7
FNH:0
FNDA:0,(anonymous_0)
FNDA:0,(anonymous_1)
FNDA:0,(anonymous_2)
FNDA:0,(anonymous_3)
FNDA:0,(anonymous_4)
FNDA:0,(anonymous_5)
FNDA:0,(anonymous_6)
DA:25,1
DA:34,0
DA:39,0
DA:40,0
DA:43,0
DA:46,0
DA:48,0
DA:49,0
DA:59,0
DA:69,0
DA:70,0
DA:73,0
DA:78,0
DA:79,0
DA:81,0
DA:84,0
DA:86,0
DA:87,0
DA:97,0
DA:108,0
DA:116,0
DA:117,0
DA:127,0
DA:136,0
DA:144,0
DA:145,0
DA:155,0
DA:164,0
DA:172,0
DA:173,0
DA:183,0
DA:198,0
DA:204,0
DA:205,0
DA:207,0
DA:208,0
DA:211,0
DA:213,0
DA:214,0
DA:224,0
DA:225,0
DA:226,0
DA:229,0
DA:230,0
DA:231,0
DA:233,0
DA:242,0
DA:247,0
DA:248,0
DA:258,0
DA:263,1
LF:51
LH:2
BRDA:39,0,0,0
BRDA:39,0,1,0
BRDA:48,1,0,0
BRDA:48,1,1,0
BRDA:59,2,0,0
BRDA:59,2,1,0
BRDA:69,3,0,0
BRDA:69,3,1,0
BRDA:78,4,0,0
BRDA:78,4,1,0
BRDA:86,5,0,0
BRDA:86,5,1,0
BRDA:97,6,0,0
BRDA:97,6,1,0
BRDA:116,7,0,0
BRDA:116,7,1,0
BRDA:127,8,0,0
BRDA:127,8,1,0
BRDA:144,9,0,0
BRDA:144,9,1,0
BRDA:172,10,0,0
BRDA:172,10,1,0
BRDA:186,11,0,0
BRDA:186,11,1,0
BRDA:204,12,0,0
BRDA:204,12,1,0
BRDA:207,13,0,0
BRDA:207,13,1,0
BRDA:213,14,0,0
BRDA:213,14,1,0
BRDA:224,15,0,0
BRDA:224,15,1,0
BRDA:225,16,0,0
BRDA:225,16,1,0
BRDA:247,17,0,0
BRDA:247,17,1,0
BRF:36
BRH:0
end_of_record
TN:
SF:src/services/repositories/ServiceLogRepository.ts
FN:31,(anonymous_0)
FN:66,(anonymous_1)
FN:102,(anonymous_2)
FN:140,(anonymous_3)
FN:170,(anonymous_4)
FN:198,(anonymous_5)
FN:232,(anonymous_6)
FN:301,(anonymous_7)
FNF:8
FNH:0
FNDA:0,(anonymous_0)
FNDA:0,(anonymous_1)
FNDA:0,(anonymous_2)
FNDA:0,(anonymous_3)
FNDA:0,(anonymous_4)
FNDA:0,(anonymous_5)
FNDA:0,(anonymous_6)
FNDA:0,(anonymous_7)
DA:26,1
DA:35,0
DA:40,0
DA:41,0
DA:44,0
DA:47,0
DA:49,0
DA:50,0
DA:60,0
DA:71,0
DA:77,0
DA:78,0
DA:80,0
DA:83,0
DA:85,0
DA:86,0
DA:96,0
DA:106,0
DA:107,0
DA:110,0
DA:115,0
DA:116,0
DA:118,0
DA:121,0
DA:123,0
DA:124,0
DA:134,0
DA:145,0
DA:153,0
DA:154,0
DA:164,0
DA:173,0
DA:181,0
DA:182,0
DA:192,0
DA:202,0
DA:203,0
DA:206,0
DA:215,0
DA:216,0
DA:226,0
DA:247,0
DA:252,0
DA:253,0
DA:255,0
DA:256,0
DA:259,0
DA:261,0
DA:262,0
DA:272,0
DA:276,0
DA:277,0
DA:278,0
DA:280,0
DA:281,0
DA:282,0
DA:283,0
DA:284,0
DA:287,0
DA:304,0
DA:309,0
DA:310,0
DA:320,0
DA:325,1
LF:64
LH:2
BRDA:40,0,0,0
BRDA:40,0,1,0
BRDA:49,1,0,0
BRDA:49,1,1,0
BRDA:60,2,0,0
BRDA:60,2,1,0
BRDA:77,3,0,0
BRDA:77,3,1,0
BRDA:85,4,0,0
BRDA:85,4,1,0
BRDA:96,5,0,0
BRDA:96,5,1,0
BRDA:106,6,0,0
BRDA:106,6,1,0
BRDA:115,7,0,0
BRDA:115,7,1,0
BRDA:123,8,0,0
BRDA:123,8,1,0
BRDA:134,9,0,0
BRDA:134,9,1,0
BRDA:153,10,0,0
BRDA:153,10,1,0
BRDA:164,11,0,0
BRDA:164,11,1,0
BRDA:181,12,0,0
BRDA:181,12,1,0
BRDA:200,13,0,0
BRDA:202,14,0,0
BRDA:202,14,1,0
BRDA:215,15,0,0
BRDA:215,15,1,0
BRDA:226,16,0,0
BRDA:226,16,1,0
BRDA:252,17,0,0
BRDA:252,17,1,0
BRDA:255,18,0,0
BRDA:255,18,1,0
BRDA:261,19,0,0
BRDA:261,19,1,0
BRDA:272,20,0,0
BRDA:272,20,1,0
BRDA:282,21,0,0
BRDA:282,21,1,0
BRDA:283,22,0,0
BRDA:283,22,1,0
BRDA:283,23,0,0
BRDA:283,23,1,0
BRDA:284,24,0,0
BRDA:284,24,1,0
BRDA:309,25,0,0
BRDA:309,25,1,0
BRF:51
BRH:0
end_of_record
TN:
SF:src/services/repositories/VehicleRepository.ts
FN:32,(anonymous_0)
FN:56,(anonymous_1)
FN:89,(anonymous_2)
FN:125,(anonymous_3)
FN:128,(anonymous_4)
FN:132,(anonymous_5)
FN:145,(anonymous_6)
FN:171,(anonymous_7)
FN:197,(anonymous_8)
FN:210,(anonymous_9)
FNF:10
FNH:1
FNDA:1,(anonymous_0)
FNDA:0,(anonymous_1)
FNDA:0,(anonymous_2)
FNDA:0,(anonymous_3)
FNDA:0,(anonymous_4)
FNDA:0,(anonymous_5)
FNDA:0,(anonymous_6)
FNDA:0,(anonymous_7)
FNDA:0,(anonymous_8)
FNDA:0,(anonymous_9)
DA:27,1
DA:35,1
DA:39,1
DA:40,0
DA:50,1
DA:59,0
DA:72,0
DA:73,0
DA:83,0
DA:93,0
DA:106,0
DA:107,0
DA:110,0
DA:112,0
DA:113,0
DA:124,0
DA:125,0
DA:128,0
DA:132,0
DA:139,0
DA:149,0
DA:154,0
DA:155,0
DA:165,0
DA:176,0
DA:180,0
DA:181,0
DA:191,0
DA:201,0
DA:215,0
DA:223,0
DA:224,0
DA:227,0
DA:229,0
DA:230,0
DA:240,0
DA:245,1
LF:37
LH:5
BRDA:39,0,0,0
BRDA:39,0,1,1
BRDA:50,1,0,1
BRDA:50,1,1,0
BRDA:72,2,0,0
BRDA:72,2,1,0
BRDA:106,3,0,0
BRDA:106,3,1,0
BRDA:112,4,0,0
BRDA:112,4,1,0
BRDA:124,5,0,0
BRDA:124,5,1,0
BRDA:128,6,0,0
BRDA:128,6,1,0
BRDA:132,7,0,0
BRDA:132,7,1,0
BRDA:134,8,0,0
BRDA:134,8,1,0
BRDA:154,9,0,0
BRDA:154,9,1,0
BRDA:180,10,0,0
BRDA:180,10,1,0
BRDA:191,11,0,0
BRDA:191,11,1,0
BRDA:223,12,0,0
BRDA:223,12,1,0
BRDA:229,13,0,0
BRDA:229,13,1,0
BRDA:240,14,0,0
BRDA:240,14,1,0
BRF:30
BRH:2
end_of_record
TN:
SF:src/shared/hooks/useFormWithSchema.ts
FN:32,useFormWithSchema
FN:47,useFormWithSchemaOnChange
FN:62,useFormWithSchemaOnSubmit
FNF:3
FNH:0
FNDA:0,useFormWithSchema
FNDA:0,useFormWithSchemaOnChange
FNDA:0,useFormWithSchemaOnSubmit
DA:36,0
DA:51,0
DA:66,0
LF:3
LH:0
BRDA:40,0,0,0
BRDA:40,0,1,0
BRF:2
BRH:0
end_of_record
TN:
SF:src/shared/schemas/authSchema.ts
FN:24,(anonymous_0)
FN:27,(anonymous_1)
FN:30,(anonymous_2)
FN:73,(anonymous_3)
FN:77,(anonymous_4)
FN:103,(anonymous_5)
FN:117,(anonymous_6)
FN:121,(anonymous_7)
FN:166,calculatePasswordStrength
FNF:9
FNH:0
FNDA:0,(anonymous_0)
FNDA:0,(anonymous_1)
FNDA:0,(anonymous_2)
FNDA:0,(anonymous_3)
FNDA:0,(anonymous_4)
FNDA:0,(anonymous_5)
FNDA:0,(anonymous_6)
FNDA:0,(anonymous_7)
FNDA:0,calculatePasswordStrength
DA:10,1
DA:20,1
DA:24,0
DA:27,0
DA:30,0
DA:37,1
DA:51,1
DA:73,0
DA:77,0
DA:85,1
DA:98,1
DA:103,0
DA:111,1
DA:117,0
DA:121,0
DA:138,1
DA:145,1
DA:154,1
DA:158,1
DA:171,0
DA:172,0
DA:174,0
DA:175,0
DA:177,0
DA:179,0
DA:180,0
DA:182,0
DA:183,0
DA:185,0
DA:186,0
DA:188,0
DA:189,0
DA:192,0
DA:193,0
DA:194,0
DA:195,0
DA:197,0
LF:37
LH:11
BRDA:174,0,0,0
BRDA:174,0,1,0
BRDA:177,1,0,0
BRDA:177,1,1,0
BRDA:179,2,0,0
BRDA:179,2,1,0
BRDA:182,3,0,0
BRDA:182,3,1,0
BRDA:185,4,0,0
BRDA:185,4,1,0
BRDA:188,5,0,0
BRDA:188,5,1,0
BRDA:192,6,0,0
BRDA:192,6,1,0
BRDA:193,7,0,0
BRDA:193,7,1,0
BRDA:194,8,0,0
BRDA:194,8,1,0
BRF:18
BRH:0
end_of_record
TN:
SF:src/shared/schemas/fuelLogSchema.ts
FN:29,(anonymous_0)
FN:73,calculateLiters
FN:81,calculateCost
FNF:3
FNH:0
FNDA:0,(anonymous_0)
FNDA:0,calculateLiters
FNDA:0,calculateCost
DA:10,1
DA:29,0
DA:48,1
DA:61,1
DA:74,0
DA:75,0
DA:82,0
LF:7
LH:3
BRDA:74,0,0,0
BRDA:74,0,1,0
BRF:2
BRH:0
end_of_record
TN:
SF:src/shared/schemas/groupSchema.ts
FNF:0
FNH:0
DA:10,1
DA:27,1
DA:32,1
DA:52,1
DA:60,1
LF:5
LH:5
BRF:0
BRH:0
end_of_record
TN:
SF:src/shared/schemas/mileageLogSchema.ts
FN:23,(anonymous_0)
FN:59,createMileageLogSchemaWithMin
FNF:2
FNH:0
FNDA:0,(anonymous_0)
FNDA:0,createMileageLogSchemaWithMin
DA:10,1
DA:23,0
DA:37,1
DA:50,1
DA:60,0
LF:5
LH:3
BRF:0
BRH:0
end_of_record
TN:
SF:src/shared/schemas/serviceLogSchema.ts
FN:62,(anonymous_0)
FN:72,(anonymous_1)
FN:130,calculateTotalFromItems
FN:134,(anonymous_3)
FNF:4
FNH:0
FNDA:0,(anonymous_0)
FNDA:0,(anonymous_1)
FNDA:0,calculateTotalFromItems
FNDA:0,(anonymous_3)
DA:10,1
DA:25,1
DA:40,1
DA:62,0
DA:72,0
DA:88,1
DA:102,1
DA:117,1
DA:133,0
DA:134,0
LF:10
LH:6
BRDA:72,0,0,0
BRDA:72,0,1,0
BRDA:133,1,0,0
BRDA:133,1,1,0
BRDA:133,2,0,0
BRDA:133,2,1,0
BRDA:134,3,0,0
BRDA:134,3,1,0
BRF:8
BRH:0
end_of_record
TN:
SF:src/shared/schemas/vehicleSchema.ts
FNF:0
FNH:0
DA:7,1
DA:12,1
DA:57,1
DA:68,1
LF:4
LH:4
BRF:0
BRH:0
end_of_record
TN:
SF:src/types/analytics.ts
FNF:0
FNH:0
LF:0
LH:0
BRF:0
BRH:0
end_of_record
TN:
SF:src/types/charts.ts
FNF:0
FNH:0
LF:0
LH:0
BRF:0
BRH:0
end_of_record
TN:
SF:src/types/database.generated.ts
FNF:0
FNH:0
LF:0
LH:0
BRF:0
BRH:0
end_of_record
